#
# There is insufficient memory for the Java Runtime Environment to continue.
# Native memory allocation (malloc) failed to allocate 925616 bytes for Chunk::new
# Possible reasons:
#   The system is out of physical RAM or swap space
#   The process is running with CompressedOops enabled, and the Java Heap may be blocking the growth of the native heap
# Possible solutions:
#   Reduce memory load on the system
#   Increase physical memory or swap space
#   Check if swap backing store is full
#   Decrease Java heap size (-Xmx/-Xms)
#   Decrease number of Java threads
#   Decrease Java thread stack sizes (-Xss)
#   Set larger code cache with -XX:ReservedCodeCacheSize=
#   JVM is running with Unscaled Compressed Oops mode in which the Java heap is
#     placed in the first 4GB address space. The Java Heap base address is the
#     maximum limit for the native heap growth. Please use -XX:HeapBaseMinAddress
#     to set the Java Heap base and to place the Java Heap above 4GB virtual address.
# This output file may be truncated or incomplete.
#
#  Out of Memory Error (arena.cpp:168), pid=14732, tid=14612
#
# JRE version: Java(TM) SE Runtime Environment (21.0.6+8) (build 21.0.6+8-LTS-188)
# Java VM: Java HotSpot(TM) 64-Bit Server VM (21.0.6+8-LTS-188, mixed mode, sharing, tiered, compressed oops, compressed class ptrs, g1 gc, windows-amd64)
# No core dump will be written. Minidumps are not enabled by default on client versions of Windows
#

---------------  S U M M A R Y ------------

Command Line: -javaagent:C:\Program Files\JetBrains\IntelliJ IDEA 2025.1.3\lib\idea_rt.jar=57208 -Dfile.encoding=UTF-8 -Dsun.stdout.encoding=UTF-8 -Dsun.stderr.encoding=UTF-8 com.nguyenngocquyet.duancuatoi.DuancuatoiApplication

Host: AMD Ryzen 3 3250U with Radeon Graphics         , 4 cores, 5G,  Windows 10 , 64 bit Build 19041 (10.0.19041.5915)
Time: Fri Mar  6 21:38:52 2026 SE Asia Standard Time elapsed time: 21.696822 seconds (0d 0h 0m 21s)

---------------  T H R E A D  ---------------

Current thread (0x00000226f2ddb720):  JavaThread "C2 CompilerThread0" daemon [_thread_in_native, id=14612, stack(0x0000007873a00000,0x0000007873b00000) (1024K)]


Current CompileTask:
C2:  21696 5681       4       org.springframework.beans.factory.support.AbstractBeanFactory::isTypeMatch (745 bytes)

Stack: [0x0000007873a00000,0x0000007873b00000]
Native frames: (J=compiled Java code, j=interpreted, Vv=VM code, C=native code)
V  [jvm.dll+0x6ca6d9]
V  [jvm.dll+0x854f51]
V  [jvm.dll+0x85747e]
V  [jvm.dll+0x857b53]
V  [jvm.dll+0x27dcc6]
V  [jvm.dll+0xc4c2d]
V  [jvm.dll+0xc5163]
V  [jvm.dll+0x2f0fbd]
V  [jvm.dll+0x5f546a]
V  [jvm.dll+0x24f8a2]
V  [jvm.dll+0x2482ac]
V  [jvm.dll+0x245df4]
V  [jvm.dll+0x1c6d2e]
V  [jvm.dll+0x2554f9]
V  [jvm.dll+0x253a8a]
V  [jvm.dll+0x3ee576]
V  [jvm.dll+0x7ff2fb]
V  [jvm.dll+0x6c8dbd]
C  [ucrtbase.dll+0x21bb2]
C  [KERNEL32.DLL+0x17374]
C  [ntdll.dll+0x4cc91]


---------------  P R O C E S S  ---------------

Threads class SMR info:
_java_thread_list=0x00000226fa75dbd0, length=34, elements={
0x00000226f2dd0770, 0x00000226f2dd2840, 0x00000226f2dd8e70, 0x00000226f2dd98c0,
0x00000226f2ddab20, 0x00000226f2dddf10, 0x00000226f2ddb720, 0x00000226f2ddcaf0,
0x00000226f2da9730, 0x00000226f73fe8a0, 0x00000226f7369e70, 0x00000226f736b220,
0x00000226f736a500, 0x00000226f736c5d0, 0x00000226f736cc60, 0x00000226f736d2f0,
0x00000226fa86cd20, 0x00000226fa86c000, 0x00000226fa86b2e0, 0x00000226fa86d3b0,
0x00000226fa86da40, 0x00000226fa86c690, 0x00000226fa86a5c0, 0x00000226fa86ac50,
0x00000226fa86b970, 0x00000226fa45b2a0, 0x00000226fa459860, 0x00000226fa45c650,
0x00000226fa45fad0, 0x00000226fa45da00, 0x00000226fa4591d0, 0x00000226fa4607f0,
0x00000226fa460160, 0x00000226fa45a580
}

Java Threads: ( => current thread )
  0x00000226f2dd0770 JavaThread "Reference Handler"          daemon [_thread_blocked, id=14220, stack(0x0000007873400000,0x0000007873500000) (1024K)]
  0x00000226f2dd2840 JavaThread "Finalizer"                  daemon [_thread_blocked, id=14052, stack(0x0000007873500000,0x0000007873600000) (1024K)]
  0x00000226f2dd8e70 JavaThread "Signal Dispatcher"          daemon [_thread_blocked, id=13692, stack(0x0000007873600000,0x0000007873700000) (1024K)]
  0x00000226f2dd98c0 JavaThread "Attach Listener"            daemon [_thread_blocked, id=13032, stack(0x0000007873700000,0x0000007873800000) (1024K)]
  0x00000226f2ddab20 JavaThread "Service Thread"             daemon [_thread_blocked, id=1488, stack(0x0000007873800000,0x0000007873900000) (1024K)]
  0x00000226f2dddf10 JavaThread "Monitor Deflation Thread"   daemon [_thread_blocked, id=14824, stack(0x0000007873900000,0x0000007873a00000) (1024K)]
=>0x00000226f2ddb720 JavaThread "C2 CompilerThread0"         daemon [_thread_in_native, id=14612, stack(0x0000007873a00000,0x0000007873b00000) (1024K)]
  0x00000226f2ddcaf0 JavaThread "C1 CompilerThread0"         daemon [_thread_blocked, id=13388, stack(0x0000007873b00000,0x0000007873c00000) (1024K)]
  0x00000226f2da9730 JavaThread "Common-Cleaner"             daemon [_thread_blocked, id=14324, stack(0x0000007873c00000,0x0000007873d00000) (1024K)]
  0x00000226f73fe8a0 JavaThread "Monitor Ctrl-Break"         daemon [_thread_in_native, id=7800, stack(0x0000007873e00000,0x0000007873f00000) (1024K)]
  0x00000226f7369e70 JavaThread "Notification Thread"        daemon [_thread_blocked, id=8920, stack(0x0000007873f00000,0x0000007874000000) (1024K)]
  0x00000226f736b220 JavaThread "RMI TCP Accept-0"           daemon [_thread_in_native, id=12076, stack(0x0000007874200000,0x0000007874300000) (1024K)]
  0x00000226f736a500 JavaThread "RMI TCP Connection(1)-192.168.86.2" daemon [_thread_in_native, id=4396, stack(0x0000007874300000,0x0000007874400000) (1024K)]
  0x00000226f736c5d0 JavaThread "RMI Scheduler(0)"           daemon [_thread_blocked, id=15076, stack(0x0000007874400000,0x0000007874500000) (1024K)]
  0x00000226f736cc60 JavaThread "JMX server connection timeout 28" daemon [_thread_blocked, id=13316, stack(0x0000007874500000,0x0000007874600000) (1024K)]
  0x00000226f736d2f0 JavaThread "Catalina-utility-1"                [_thread_blocked, id=1336, stack(0x0000007874600000,0x0000007874700000) (1024K)]
  0x00000226fa86cd20 JavaThread "Catalina-utility-2"                [_thread_blocked, id=2932, stack(0x0000007874700000,0x0000007874800000) (1024K)]
  0x00000226fa86c000 JavaThread "container-0"                       [_thread_blocked, id=8672, stack(0x0000007874800000,0x0000007874900000) (1024K)]
  0x00000226fa86b2e0 JavaThread "mysql-cj-abandoned-connection-cleanup" daemon [_thread_blocked, id=15288, stack(0x0000007874900000,0x0000007874a00000) (1024K)]
  0x00000226fa86d3b0 JavaThread "HikariPool-1 housekeeper"   daemon [_thread_blocked, id=14296, stack(0x0000007874b00000,0x0000007874c00000) (1024K)]
  0x00000226fa86da40 JavaThread "HikariPool-1 connection adder" daemon [_thread_blocked, id=9372, stack(0x0000007874c00000,0x0000007874d00000) (1024K)]
  0x00000226fa86c690 JavaThread "http-nio-7070-exec-1"       daemon [_thread_blocked, id=13168, stack(0x0000007874d00000,0x0000007874e00000) (1024K)]
  0x00000226fa86a5c0 JavaThread "http-nio-7070-exec-2"       daemon [_thread_blocked, id=15184, stack(0x0000007874e00000,0x0000007874f00000) (1024K)]
  0x00000226fa86ac50 JavaThread "http-nio-7070-exec-3"       daemon [_thread_blocked, id=12548, stack(0x0000007874f00000,0x0000007875000000) (1024K)]
  0x00000226fa86b970 JavaThread "http-nio-7070-exec-4"       daemon [_thread_blocked, id=3388, stack(0x0000007875000000,0x0000007875100000) (1024K)]
  0x00000226fa45b2a0 JavaThread "http-nio-7070-exec-5"       daemon [_thread_blocked, id=1768, stack(0x0000007875100000,0x0000007875200000) (1024K)]
  0x00000226fa459860 JavaThread "http-nio-7070-exec-6"       daemon [_thread_blocked, id=14776, stack(0x0000007875200000,0x0000007875300000) (1024K)]
  0x00000226fa45c650 JavaThread "http-nio-7070-exec-7"       daemon [_thread_blocked, id=14344, stack(0x0000007875300000,0x0000007875400000) (1024K)]
  0x00000226fa45fad0 JavaThread "http-nio-7070-exec-8"       daemon [_thread_blocked, id=4548, stack(0x0000007875400000,0x0000007875500000) (1024K)]
  0x00000226fa45da00 JavaThread "http-nio-7070-exec-9"       daemon [_thread_blocked, id=8152, stack(0x0000007875500000,0x0000007875600000) (1024K)]
  0x00000226fa4591d0 JavaThread "http-nio-7070-exec-10"      daemon [_thread_blocked, id=14984, stack(0x0000007875600000,0x0000007875700000) (1024K)]
  0x00000226fa4607f0 JavaThread "http-nio-7070-Poller"       daemon [_thread_in_native, id=11676, stack(0x0000007875700000,0x0000007875800000) (1024K)]
  0x00000226fa460160 JavaThread "http-nio-7070-Acceptor"     daemon [_thread_in_native, id=9988, stack(0x0000007875800000,0x0000007875900000) (1024K)]
  0x00000226fa45a580 JavaThread "DestroyJavaVM"                     [_thread_blocked, id=4356, stack(0x0000007872c00000,0x0000007872d00000) (1024K)]
Total: 34

Other Threads:
  0x00000226f2dbb770 VMThread "VM Thread"                           [id=5664, stack(0x0000007873300000,0x0000007873400000) (1024K)]
  0x00000226f2da8c40 WatcherThread "VM Periodic Task Thread"        [id=10012, stack(0x0000007873200000,0x0000007873300000) (1024K)]
  0x00000226d776b1f0 WorkerThread "GC Thread#0"                     [id=14972, stack(0x0000007872d00000,0x0000007872e00000) (1024K)]
  0x00000226f7750770 WorkerThread "GC Thread#1"                     [id=6388, stack(0x0000007873d00000,0x0000007873e00000) (1024K)]
  0x00000226f7723970 WorkerThread "GC Thread#2"                     [id=2652, stack(0x0000007874000000,0x0000007874100000) (1024K)]
  0x00000226f7723d10 WorkerThread "GC Thread#3"                     [id=2444, stack(0x0000007874100000,0x0000007874200000) (1024K)]
  0x00000226d7779d80 ConcurrentGCThread "G1 Main Marker"            [id=5160, stack(0x0000007872e00000,0x0000007872f00000) (1024K)]
  0x00000226d777a790 WorkerThread "G1 Conc#0"                       [id=12312, stack(0x0000007872f00000,0x0000007873000000) (1024K)]
  0x00000226d77eadd0 ConcurrentGCThread "G1 Refine#0"               [id=14564, stack(0x0000007873000000,0x0000007873100000) (1024K)]
  0x00000226d77eba00 ConcurrentGCThread "G1 Service"                [id=6484, stack(0x0000007873100000,0x0000007873200000) (1024K)]
Total: 10

Threads with active compile tasks:
C2 CompilerThread0    21727 5681       4       org.springframework.beans.factory.support.AbstractBeanFactory::isTypeMatch (745 bytes)
Total: 1

VM state: not at safepoint (normal execution)

VM Mutex/Monitor currently owned by a thread: None

Heap address: 0x00000000a1c00000, size: 1508 MB, Compressed Oops mode: 32-bit

CDS archive(s) mapped at: [0x0000022680000000-0x0000022680c90000-0x0000022680c90000), size 13172736, SharedBaseAddress: 0x0000022680000000, ArchiveRelocationMode: 1.
Compressed class space mapped at: 0x0000022681000000-0x00000226c1000000, reserved size: 1073741824
Narrow klass base: 0x0000022680000000, Narrow klass shift: 0, Narrow klass range: 0x100000000

GC Precious Log:
 CardTable entry size: 512
 Card Set container configuration: InlinePtr #cards 5 size 8 Array Of Cards #cards 12 size 40 Howl #buckets 4 coarsen threshold 1843 Howl Bitmap #cards 512 size 80 coarsen threshold 460 Card regions per heap region 1 cards per card region 2048
 CPUs: 4 total, 4 available
 Memory: 6030M
 Large Page Support: Disabled
 NUMA Support: Disabled
 Compressed Oops: Enabled (32-bit)
 Heap Region Size: 1M
 Heap Min Capacity: 8M
 Heap Initial Capacity: 96M
 Heap Max Capacity: 1508M
 Pre-touch: Disabled
 Parallel Workers: 4
 Concurrent Workers: 1
 Concurrent Refinement Workers: 4
 Periodic GC: Disabled

Heap:
 garbage-first heap   total 58368K, used 35840K [0x00000000a1c00000, 0x0000000100000000)
  region size 1024K, 12 young (12288K), 4 survivors (4096K)
 Metaspace       used 70418K, committed 71168K, reserved 1114112K
  class space    used 9336K, committed 9664K, reserved 1048576K

Heap Regions: E=young(eden), S=young(survivor), O=old, HS=humongous(starts), HC=humongous(continues), CS=collection set, F=free, TAMS=top-at-mark-start, PB=parsable bottom
|   0|0x00000000a1c00000, 0x00000000a1d00000, 0x00000000a1d00000|100%|HS|  |TAMS 0x00000000a1c00000| PB 0x00000000a1c00000| Complete 
|   1|0x00000000a1d00000, 0x00000000a1e00000, 0x00000000a1e00000|100%| O|  |TAMS 0x00000000a1d00000| PB 0x00000000a1d00000| Untracked 
|   2|0x00000000a1e00000, 0x00000000a1f00000, 0x00000000a1f00000|100%| O|  |TAMS 0x00000000a1e00000| PB 0x00000000a1e00000| Untracked 
|   3|0x00000000a1f00000, 0x00000000a2000000, 0x00000000a2000000|100%| O|  |TAMS 0x00000000a1f00000| PB 0x00000000a1f00000| Untracked 
|   4|0x00000000a2000000, 0x00000000a2100000, 0x00000000a2100000|100%| O|  |TAMS 0x00000000a2000000| PB 0x00000000a2000000| Untracked 
|   5|0x00000000a2100000, 0x00000000a2200000, 0x00000000a2200000|100%| O|  |TAMS 0x00000000a2100000| PB 0x00000000a2100000| Untracked 
|   6|0x00000000a2200000, 0x00000000a2300000, 0x00000000a2300000|100%| O|  |TAMS 0x00000000a2200000| PB 0x00000000a2200000| Untracked 
|   7|0x00000000a2300000, 0x00000000a2400000, 0x00000000a2400000|100%| O|  |TAMS 0x00000000a2300000| PB 0x00000000a2300000| Untracked 
|   8|0x00000000a2400000, 0x00000000a2500000, 0x00000000a2500000|100%| O|  |TAMS 0x00000000a2400000| PB 0x00000000a2400000| Untracked 
|   9|0x00000000a2500000, 0x00000000a2600000, 0x00000000a2600000|100%| O|  |TAMS 0x00000000a2500000| PB 0x00000000a2500000| Untracked 
|  10|0x00000000a2600000, 0x00000000a2700000, 0x00000000a2700000|100%| O|  |TAMS 0x00000000a2600000| PB 0x00000000a2600000| Untracked 
|  11|0x00000000a2700000, 0x00000000a2800000, 0x00000000a2800000|100%| O|  |TAMS 0x00000000a2700000| PB 0x00000000a2700000| Untracked 
|  12|0x00000000a2800000, 0x00000000a2900000, 0x00000000a2900000|100%| O|  |TAMS 0x00000000a2800000| PB 0x00000000a2800000| Untracked 
|  13|0x00000000a2900000, 0x00000000a2a00000, 0x00000000a2a00000|100%| O|  |TAMS 0x00000000a2900000| PB 0x00000000a2900000| Untracked 
|  14|0x00000000a2a00000, 0x00000000a2b00000, 0x00000000a2b00000|100%| O|  |TAMS 0x00000000a2a00000| PB 0x00000000a2a00000| Untracked 
|  15|0x00000000a2b00000, 0x00000000a2c00000, 0x00000000a2c00000|100%| O|  |TAMS 0x00000000a2b00000| PB 0x00000000a2b00000| Untracked 
|  16|0x00000000a2c00000, 0x00000000a2d00000, 0x00000000a2d00000|100%| O|  |TAMS 0x00000000a2c00000| PB 0x00000000a2c00000| Untracked 
|  17|0x00000000a2d00000, 0x00000000a2e00000, 0x00000000a2e00000|100%| O|  |TAMS 0x00000000a2d00000| PB 0x00000000a2d00000| Untracked 
|  18|0x00000000a2e00000, 0x00000000a2e00000, 0x00000000a2f00000|  0%| F|  |TAMS 0x00000000a2e00000| PB 0x00000000a2e00000| Untracked 
|  19|0x00000000a2f00000, 0x00000000a3000000, 0x00000000a3000000|100%| O|  |TAMS 0x00000000a2f00000| PB 0x00000000a2f00000| Untracked 
|  20|0x00000000a3000000, 0x00000000a3100000, 0x00000000a3100000|100%| O|  |TAMS 0x00000000a3000000| PB 0x00000000a3000000| Untracked 
|  21|0x00000000a3100000, 0x00000000a3200000, 0x00000000a3200000|100%| O|  |TAMS 0x00000000a3100000| PB 0x00000000a3100000| Untracked 
|  22|0x00000000a3200000, 0x00000000a3300000, 0x00000000a3300000|100%| O|  |TAMS 0x00000000a3200000| PB 0x00000000a3200000| Untracked 
|  23|0x00000000a3300000, 0x00000000a3400000, 0x00000000a3400000|100%| O|  |TAMS 0x00000000a3300000| PB 0x00000000a3300000| Untracked 
|  24|0x00000000a3400000, 0x00000000a3500000, 0x00000000a3500000|100%| O|  |TAMS 0x00000000a3400000| PB 0x00000000a3400000| Untracked 
|  25|0x00000000a3500000, 0x00000000a3500000, 0x00000000a3600000|  0%| F|  |TAMS 0x00000000a3500000| PB 0x00000000a3500000| Untracked 
|  26|0x00000000a3600000, 0x00000000a3700000, 0x00000000a3700000|100%| S|CS|TAMS 0x00000000a3600000| PB 0x00000000a3600000| Complete 
|  27|0x00000000a3700000, 0x00000000a3700000, 0x00000000a3800000|  0%| F|  |TAMS 0x00000000a3700000| PB 0x00000000a3700000| Untracked 
|  28|0x00000000a3800000, 0x00000000a3800000, 0x00000000a3900000|  0%| F|  |TAMS 0x00000000a3800000| PB 0x00000000a3800000| Untracked 
|  29|0x00000000a3900000, 0x00000000a3900000, 0x00000000a3a00000|  0%| F|  |TAMS 0x00000000a3900000| PB 0x00000000a3900000| Untracked 
|  30|0x00000000a3a00000, 0x00000000a3b00000, 0x00000000a3b00000|100%| S|CS|TAMS 0x00000000a3a00000| PB 0x00000000a3a00000| Complete 
|  31|0x00000000a3b00000, 0x00000000a3c00000, 0x00000000a3c00000|100%| S|CS|TAMS 0x00000000a3b00000| PB 0x00000000a3b00000| Complete 
|  32|0x00000000a3c00000, 0x00000000a3d00000, 0x00000000a3d00000|100%| S|CS|TAMS 0x00000000a3c00000| PB 0x00000000a3c00000| Complete 
|  33|0x00000000a3d00000, 0x00000000a3d00000, 0x00000000a3e00000|  0%| F|  |TAMS 0x00000000a3d00000| PB 0x00000000a3d00000| Untracked 
|  34|0x00000000a3e00000, 0x00000000a3e00000, 0x00000000a3f00000|  0%| F|  |TAMS 0x00000000a3e00000| PB 0x00000000a3e00000| Untracked 
|  35|0x00000000a3f00000, 0x00000000a3f00000, 0x00000000a4000000|  0%| F|  |TAMS 0x00000000a3f00000| PB 0x00000000a3f00000| Untracked 
|  36|0x00000000a4000000, 0x00000000a4000000, 0x00000000a4100000|  0%| F|  |TAMS 0x00000000a4000000| PB 0x00000000a4000000| Untracked 
|  37|0x00000000a4100000, 0x00000000a4100000, 0x00000000a4200000|  0%| F|  |TAMS 0x00000000a4100000| PB 0x00000000a4100000| Untracked 
|  38|0x00000000a4200000, 0x00000000a4200000, 0x00000000a4300000|  0%| F|  |TAMS 0x00000000a4200000| PB 0x00000000a4200000| Untracked 
|  39|0x00000000a4300000, 0x00000000a4300000, 0x00000000a4400000|  0%| F|  |TAMS 0x00000000a4300000| PB 0x00000000a4300000| Untracked 
|  40|0x00000000a4400000, 0x00000000a4400000, 0x00000000a4500000|  0%| F|  |TAMS 0x00000000a4400000| PB 0x00000000a4400000| Untracked 
|  41|0x00000000a4500000, 0x00000000a4500000, 0x00000000a4600000|  0%| F|  |TAMS 0x00000000a4500000| PB 0x00000000a4500000| Untracked 
|  42|0x00000000a4600000, 0x00000000a4600000, 0x00000000a4700000|  0%| F|  |TAMS 0x00000000a4600000| PB 0x00000000a4600000| Untracked 
|  43|0x00000000a4700000, 0x00000000a4700000, 0x00000000a4800000|  0%| F|  |TAMS 0x00000000a4700000| PB 0x00000000a4700000| Untracked 
|  44|0x00000000a4800000, 0x00000000a4800000, 0x00000000a4900000|  0%| F|  |TAMS 0x00000000a4800000| PB 0x00000000a4800000| Untracked 
|  45|0x00000000a4900000, 0x00000000a4900000, 0x00000000a4a00000|  0%| F|  |TAMS 0x00000000a4900000| PB 0x00000000a4900000| Untracked 
|  46|0x00000000a4a00000, 0x00000000a4a00000, 0x00000000a4b00000|  0%| F|  |TAMS 0x00000000a4a00000| PB 0x00000000a4a00000| Untracked 
|  47|0x00000000a4b00000, 0x00000000a4b00000, 0x00000000a4c00000|  0%| F|  |TAMS 0x00000000a4b00000| PB 0x00000000a4b00000| Untracked 
|  48|0x00000000a4c00000, 0x00000000a4c00000, 0x00000000a4d00000|  0%| F|  |TAMS 0x00000000a4c00000| PB 0x00000000a4c00000| Untracked 
|  49|0x00000000a4d00000, 0x00000000a4d00800, 0x00000000a4e00000|  0%| E|  |TAMS 0x00000000a4d00000| PB 0x00000000a4d00000| Complete 
|  71|0x00000000a6300000, 0x00000000a6400000, 0x00000000a6400000|100%| E|CS|TAMS 0x00000000a6300000| PB 0x00000000a6300000| Complete 
|  72|0x00000000a6400000, 0x00000000a6500000, 0x00000000a6500000|100%| E|CS|TAMS 0x00000000a6400000| PB 0x00000000a6400000| Complete 
|  73|0x00000000a6500000, 0x00000000a6600000, 0x00000000a6600000|100%| E|CS|TAMS 0x00000000a6500000| PB 0x00000000a6500000| Complete 
|  74|0x00000000a6600000, 0x00000000a6700000, 0x00000000a6700000|100%| E|CS|TAMS 0x00000000a6600000| PB 0x00000000a6600000| Complete 
|  75|0x00000000a6700000, 0x00000000a6800000, 0x00000000a6800000|100%| E|CS|TAMS 0x00000000a6700000| PB 0x00000000a6700000| Complete 
|  76|0x00000000a6800000, 0x00000000a6900000, 0x00000000a6900000|100%| E|CS|TAMS 0x00000000a6800000| PB 0x00000000a6800000| Complete 
|  95|0x00000000a7b00000, 0x00000000a7c00000, 0x00000000a7c00000|100%| E|CS|TAMS 0x00000000a7b00000| PB 0x00000000a7b00000| Complete 

Card table byte_map: [0x00000226eeeb0000,0x00000226ef1b0000] _byte_map_base: 0x00000226ee9a2000

Marking Bits: (CMBitMap*) 0x00000226d776c810
 Bits: [0x00000226ef1b0000, 0x00000226f0940000)

Polling page: 0x00000226d6ef0000

Metaspace:

Usage:
  Non-class:     59.65 MB used.
      Class:      9.12 MB used.
       Both:     68.77 MB used.

Virtual space:
  Non-class space:       64.00 MB reserved,      60.06 MB ( 94%) committed,  1 nodes.
      Class space:        1.00 GB reserved,       9.44 MB ( <1%) committed,  1 nodes.
             Both:        1.06 GB reserved,      69.50 MB (  6%) committed. 

Chunk freelists:
   Non-Class:  3.52 MB
       Class:  6.61 MB
        Both:  10.12 MB

MaxMetaspaceSize: unlimited
CompressedClassSpaceSize: 1.00 GB
Initial GC threshold: 21.00 MB
Current GC threshold: 98.88 MB
CDS: on
 - commit_granule_bytes: 65536.
 - commit_granule_words: 8192.
 - virtual_space_node_default_size: 8388608.
 - enlarge_chunks_in_place: 1.
 - use_allocation_guard: 0.


Internal statistics:

num_allocs_failed_limit: 9.
num_arena_births: 1008.
num_arena_deaths: 0.
num_vsnodes_births: 2.
num_vsnodes_deaths: 0.
num_space_committed: 1112.
num_space_uncommitted: 0.
num_chunks_returned_to_freelist: 9.
num_chunks_taken_from_freelist: 3372.
num_chunk_merges: 6.
num_chunk_splits: 2402.
num_chunks_enlarged: 1855.
num_inconsistent_stats: 0.

CodeHeap 'non-profiled nmethods': size=120000Kb used=2840Kb max_used=2840Kb free=117159Kb
 bounds [0x00000226e7680000, 0x00000226e7950000, 0x00000226eebb0000]
CodeHeap 'profiled nmethods': size=120000Kb used=10527Kb max_used=10527Kb free=109472Kb
 bounds [0x00000226dfbb0000, 0x00000226e0600000, 0x00000226e70e0000]
CodeHeap 'non-nmethods': size=5760Kb used=1707Kb max_used=1750Kb free=4052Kb
 bounds [0x00000226e70e0000, 0x00000226e7350000, 0x00000226e7680000]
 total_blobs=6040 nmethods=5307 adapters=636
 compilation: enabled
              stopped_count=0, restarted_count=0
 full_count=0

Compilation events (20 events):
Event: 21.409 Thread 0x00000226f2ddcaf0 5891       2       org.springframework.boot.autoconfigure.condition.ConditionEvaluationReport::lambda$addNoMatchOutcomeToAncestors$2 (41 bytes)
Event: 21.409 Thread 0x00000226f2ddcaf0 nmethod 5891 0x00000226e05f1990 code [0x00000226e05f1ba0, 0x00000226e05f2070]
Event: 21.410 Thread 0x00000226f2ddcaf0 5892       3       org.springframework.boot.autoconfigure.condition.ConditionEvaluationReport$$Lambda/0x0000022681960d20::accept (20 bytes)
Event: 21.410 Thread 0x00000226f2ddcaf0 nmethod 5892 0x00000226e05f2310 code [0x00000226e05f24c0, 0x00000226e05f27f0]
Event: 21.410 Thread 0x00000226f2ddcaf0 5893       3       org.springframework.boot.autoconfigure.condition.ConditionEvaluationReport::lambda$addNoMatchOutcomeToAncestors$2 (41 bytes)
Event: 21.412 Thread 0x00000226f2ddcaf0 nmethod 5893 0x00000226e05f2910 code [0x00000226e05f2ca0, 0x00000226e05f4158]
Event: 21.415 Thread 0x00000226f2ddcaf0 5895       1       org.springframework.boot.autoconfigure.condition.ConditionEvaluationReport$ConditionAndOutcome::getOutcome (5 bytes)
Event: 21.415 Thread 0x00000226f2ddcaf0 nmethod 5895 0x00000226e77e4310 code [0x00000226e77e44a0, 0x00000226e77e4568]
Event: 21.416 Thread 0x00000226f2ddcaf0 5896       2       java.util.TreeMap::forEach (58 bytes)
Event: 21.416 Thread 0x00000226f2ddcaf0 nmethod 5896 0x00000226e05f4990 code [0x00000226e05f4b80, 0x00000226e05f4f80]
Event: 21.417 Thread 0x00000226f2ddcaf0 5898 %     3       java.util.TreeMap::forEach @ 15 (58 bytes)
Event: 21.417 Thread 0x00000226f2ddcaf0 nmethod 5898% 0x00000226e05f5210 code [0x00000226e05f5440, 0x00000226e05f5b98]
Event: 21.418 Thread 0x00000226f2ddcaf0 5900       2       org.springframework.boot.autoconfigure.condition.ConditionEvaluationReport$$Lambda/0x0000022681960af8::accept (16 bytes)
Event: 21.419 Thread 0x00000226f2ddcaf0 nmethod 5900 0x00000226e05f5e90 code [0x00000226e05f6120, 0x00000226e05f6828]
Event: 21.420 Thread 0x00000226f2ddcaf0 5901       2       org.springframework.boot.autoconfigure.condition.ConditionEvaluationReport::lambda$getConditionAndOutcomesBySource$1 (13 bytes)
Event: 21.421 Thread 0x00000226f2ddcaf0 nmethod 5901 0x00000226e05f6d10 code [0x00000226e05f6fa0, 0x00000226e05f7620]
Event: 21.422 Thread 0x00000226f2ddcaf0 5902       2       org.springframework.core.annotation.TypeMappedAnnotations::get (52 bytes)
Event: 21.422 Thread 0x00000226f2ddcaf0 nmethod 5902 0x00000226e05f7b10 code [0x00000226e05f7ce0, 0x00000226e05f7fc8]
Event: 21.422 Thread 0x00000226f2ddcaf0 5903       2       org.springframework.core.annotation.AnnotationAwareOrderComparator::findOrder (18 bytes)
Event: 21.423 Thread 0x00000226f2ddcaf0 nmethod 5903 0x00000226e05f8110 code [0x00000226e05f82e0, 0x00000226e05f8570]

GC Heap History (20 events):
Event: 4.021 GC heap before
{Heap before GC invocations=3 (full 0):
 garbage-first heap   total 98304K, used 28247K [0x00000000a1c00000, 0x0000000100000000)
  region size 1024K, 23 young (23552K), 4 survivors (4096K)
 Metaspace       used 21101K, committed 21504K, reserved 1114112K
  class space    used 2596K, committed 2816K, reserved 1048576K
}
Event: 4.032 GC heap after
{Heap after GC invocations=4 (full 0):
 garbage-first heap   total 98304K, used 12647K [0x00000000a1c00000, 0x0000000100000000)
  region size 1024K, 6 young (6144K), 6 survivors (6144K)
 Metaspace       used 21101K, committed 21504K, reserved 1114112K
  class space    used 2596K, committed 2816K, reserved 1048576K
}
Event: 4.796 GC heap before
{Heap before GC invocations=5 (full 0):
 garbage-first heap   total 48128K, used 34151K [0x00000000a1c00000, 0x0000000100000000)
  region size 1024K, 28 young (28672K), 6 survivors (6144K)
 Metaspace       used 25282K, committed 25664K, reserved 1114112K
  class space    used 3118K, committed 3264K, reserved 1048576K
}
Event: 4.807 GC heap after
{Heap after GC invocations=6 (full 0):
 garbage-first heap   total 48128K, used 14772K [0x00000000a1c00000, 0x0000000100000000)
  region size 1024K, 4 young (4096K), 4 survivors (4096K)
 Metaspace       used 25282K, committed 25664K, reserved 1114112K
  class space    used 3118K, committed 3264K, reserved 1048576K
}
Event: 6.620 GC heap before
{Heap before GC invocations=6 (full 0):
 garbage-first heap   total 48128K, used 36276K [0x00000000a1c00000, 0x0000000100000000)
  region size 1024K, 25 young (25600K), 4 survivors (4096K)
 Metaspace       used 28607K, committed 28928K, reserved 1114112K
  class space    used 3567K, committed 3712K, reserved 1048576K
}
Event: 6.632 GC heap after
{Heap after GC invocations=7 (full 0):
 garbage-first heap   total 58368K, used 16303K [0x00000000a1c00000, 0x0000000100000000)
  region size 1024K, 3 young (3072K), 3 survivors (3072K)
 Metaspace       used 28607K, committed 28928K, reserved 1114112K
  class space    used 3567K, committed 3712K, reserved 1048576K
}
Event: 9.904 GC heap before
{Heap before GC invocations=7 (full 0):
 garbage-first heap   total 58368K, used 43951K [0x00000000a1c00000, 0x0000000100000000)
  region size 1024K, 31 young (31744K), 3 survivors (3072K)
 Metaspace       used 34431K, committed 35008K, reserved 1114112K
  class space    used 4348K, committed 4608K, reserved 1048576K
}
Event: 9.920 GC heap after
{Heap after GC invocations=8 (full 0):
 garbage-first heap   total 58368K, used 18768K [0x00000000a1c00000, 0x0000000100000000)
  region size 1024K, 4 young (4096K), 4 survivors (4096K)
 Metaspace       used 34431K, committed 35008K, reserved 1114112K
  class space    used 4348K, committed 4608K, reserved 1048576K
}
Event: 11.375 GC heap before
{Heap before GC invocations=8 (full 0):
 garbage-first heap   total 58368K, used 25936K [0x00000000a1c00000, 0x0000000100000000)
  region size 1024K, 12 young (12288K), 4 survivors (4096K)
 Metaspace       used 35434K, committed 35968K, reserved 1114112K
  class space    used 4489K, committed 4736K, reserved 1048576K
}
Event: 11.382 GC heap after
{Heap after GC invocations=9 (full 0):
 garbage-first heap   total 58368K, used 19845K [0x00000000a1c00000, 0x0000000100000000)
  region size 1024K, 1 young (1024K), 1 survivors (1024K)
 Metaspace       used 35434K, committed 35968K, reserved 1114112K
  class space    used 4489K, committed 4736K, reserved 1048576K
}
Event: 13.613 GC heap before
{Heap before GC invocations=10 (full 0):
 garbage-first heap   total 58368K, used 47493K [0x00000000a1c00000, 0x0000000100000000)
  region size 1024K, 29 young (29696K), 1 survivors (1024K)
 Metaspace       used 42733K, committed 43264K, reserved 1114112K
  class space    used 5575K, committed 5824K, reserved 1048576K
}
Event: 13.618 GC heap after
{Heap after GC invocations=11 (full 0):
 garbage-first heap   total 58368K, used 21117K [0x00000000a1c00000, 0x0000000100000000)
  region size 1024K, 3 young (3072K), 3 survivors (3072K)
 Metaspace       used 42733K, committed 43264K, reserved 1114112K
  class space    used 5575K, committed 5824K, reserved 1048576K
}
Event: 16.730 GC heap before
{Heap before GC invocations=11 (full 0):
 garbage-first heap   total 58368K, used 47741K [0x00000000a1c00000, 0x0000000100000000)
  region size 1024K, 30 young (30720K), 3 survivors (3072K)
 Metaspace       used 53541K, committed 54208K, reserved 1114112K
  class space    used 6881K, committed 7168K, reserved 1048576K
}
Event: 16.742 GC heap after
{Heap after GC invocations=12 (full 0):
 garbage-first heap   total 58368K, used 23148K [0x00000000a1c00000, 0x0000000100000000)
  region size 1024K, 4 young (4096K), 4 survivors (4096K)
 Metaspace       used 53541K, committed 54208K, reserved 1114112K
  class space    used 6881K, committed 7168K, reserved 1048576K
}
Event: 18.106 GC heap before
{Heap before GC invocations=12 (full 0):
 garbage-first heap   total 58368K, used 43628K [0x00000000a1c00000, 0x0000000100000000)
  region size 1024K, 26 young (26624K), 4 survivors (4096K)
 Metaspace       used 59855K, committed 60480K, reserved 1114112K
  class space    used 7836K, committed 8128K, reserved 1048576K
}
Event: 18.115 GC heap after
{Heap after GC invocations=13 (full 0):
 garbage-first heap   total 58368K, used 25019K [0x00000000a1c00000, 0x0000000100000000)
  region size 1024K, 2 young (2048K), 2 survivors (2048K)
 Metaspace       used 59855K, committed 60480K, reserved 1114112K
  class space    used 7836K, committed 8128K, reserved 1048576K
}
Event: 19.621 GC heap before
{Heap before GC invocations=14 (full 0):
 garbage-first heap   total 58368K, used 49595K [0x00000000a1c00000, 0x0000000100000000)
  region size 1024K, 27 young (27648K), 2 survivors (2048K)
 Metaspace       used 65658K, committed 66368K, reserved 1114112K
  class space    used 8663K, committed 8960K, reserved 1048576K
}
Event: 19.626 GC heap after
{Heap after GC invocations=15 (full 0):
 garbage-first heap   total 58368K, used 26403K [0x00000000a1c00000, 0x0000000100000000)
  region size 1024K, 3 young (3072K), 3 survivors (3072K)
 Metaspace       used 65658K, committed 66368K, reserved 1114112K
  class space    used 8663K, committed 8960K, reserved 1048576K
}
Event: 21.080 GC heap before
{Heap before GC invocations=15 (full 0):
 garbage-first heap   total 58368K, used 50979K [0x00000000a1c00000, 0x0000000100000000)
  region size 1024K, 27 young (27648K), 3 survivors (3072K)
 Metaspace       used 69588K, committed 70336K, reserved 1114112K
  class space    used 9221K, committed 9536K, reserved 1048576K
}
Event: 21.091 GC heap after
{Heap after GC invocations=16 (full 0):
 garbage-first heap   total 58368K, used 28672K [0x00000000a1c00000, 0x0000000100000000)
  region size 1024K, 4 young (4096K), 4 survivors (4096K)
 Metaspace       used 69588K, committed 70336K, reserved 1114112K
  class space    used 9221K, committed 9536K, reserved 1048576K
}

Dll operation events (13 events):
Event: 0.036 Loaded shared library C:\Program Files\Java\jdk-21\bin\java.dll
Event: 0.125 Loaded shared library C:\Program Files\Java\jdk-21\bin\jsvml.dll
Event: 0.340 Loaded shared library C:\Program Files\Java\jdk-21\bin\zip.dll
Event: 0.347 Loaded shared library C:\Program Files\Java\jdk-21\bin\instrument.dll
Event: 0.360 Loaded shared library C:\Program Files\Java\jdk-21\bin\net.dll
Event: 0.380 Loaded shared library C:\Program Files\Java\jdk-21\bin\nio.dll
Event: 0.392 Loaded shared library C:\Program Files\Java\jdk-21\bin\zip.dll
Event: 0.431 Loaded shared library C:\Program Files\Java\jdk-21\bin\jimage.dll
Event: 0.636 Loaded shared library C:\Program Files\Java\jdk-21\bin\extnet.dll
Event: 0.647 Loaded shared library C:\Program Files\Java\jdk-21\bin\management.dll
Event: 0.673 Loaded shared library C:\Program Files\Java\jdk-21\bin\management_ext.dll
Event: 4.795 Loaded shared library C:\Program Files\Java\jdk-21\bin\sunmscapi.dll
Event: 12.307 Loaded shared library C:\Program Files\Java\jdk-21\bin\verify.dll

Deoptimization events (20 events):
Event: 21.128 Thread 0x00000226d5588070 Uncommon trap: trap_request=0xffffff45 fr.pc=0x00000226e7831694 relative=0x00000000000002b4
Event: 21.128 Thread 0x00000226d5588070 Uncommon trap: reason=unstable_if action=reinterpret pc=0x00000226e7831694 method=org.springframework.beans.factory.support.DefaultSingletonBeanRegistry.getSingleton(Ljava/lang/String;Z)Ljava/lang/Object; @ 39 c2
Event: 21.128 Thread 0x00000226d5588070 DEOPT PACKING pc=0x00000226e7831694 sp=0x0000007872cfe510
Event: 21.128 Thread 0x00000226d5588070 DEOPT UNPACKING pc=0x00000226e71346a2 sp=0x0000007872cfe498 mode 2
Event: 21.155 Thread 0x00000226d5588070 Uncommon trap: trap_request=0xffffffde fr.pc=0x00000226e772a7d0 relative=0x0000000000000170
Event: 21.155 Thread 0x00000226d5588070 Uncommon trap: reason=class_check action=maybe_recompile pc=0x00000226e772a7d0 method=org.springframework.boot.context.properties.source.ConfigurationPropertyName$Elements.charAt(II)C @ 43 c2
Event: 21.155 Thread 0x00000226d5588070 DEOPT PACKING pc=0x00000226e772a7d0 sp=0x0000007872cfc6d0
Event: 21.155 Thread 0x00000226d5588070 DEOPT UNPACKING pc=0x00000226e71346a2 sp=0x0000007872cfc648 mode 2
Event: 21.155 Thread 0x00000226d5588070 Uncommon trap: trap_request=0xffffffde fr.pc=0x00000226e772a7d0 relative=0x0000000000000170
Event: 21.155 Thread 0x00000226d5588070 Uncommon trap: reason=class_check action=maybe_recompile pc=0x00000226e772a7d0 method=org.springframework.boot.context.properties.source.ConfigurationPropertyName$Elements.charAt(II)C @ 43 c2
Event: 21.155 Thread 0x00000226d5588070 DEOPT PACKING pc=0x00000226e772a7d0 sp=0x0000007872cfc6d0
Event: 21.155 Thread 0x00000226d5588070 DEOPT UNPACKING pc=0x00000226e71346a2 sp=0x0000007872cfc648 mode 2
Event: 21.317 Thread 0x00000226d5588070 Uncommon trap: trap_request=0xffffff45 fr.pc=0x00000226e773ba0c relative=0x000000000000006c
Event: 21.317 Thread 0x00000226d5588070 Uncommon trap: reason=unstable_if action=reinterpret pc=0x00000226e773ba0c method=org.springframework.util.ConcurrentReferenceHashMap$Segment.clear()V @ 7 c2
Event: 21.317 Thread 0x00000226d5588070 DEOPT PACKING pc=0x00000226e773ba0c sp=0x0000007872cff310
Event: 21.317 Thread 0x00000226d5588070 DEOPT UNPACKING pc=0x00000226e71346a2 sp=0x0000007872cff2a0 mode 2
Event: 21.407 Thread 0x00000226d5588070 Uncommon trap: trap_request=0xffffff45 fr.pc=0x00000226e7904db0 relative=0x0000000000000110
Event: 21.407 Thread 0x00000226d5588070 Uncommon trap: reason=unstable_if action=reinterpret pc=0x00000226e7904db0 method=java.util.ArrayList.indexOfRange(Ljava/lang/Object;II)I @ 7 c2
Event: 21.407 Thread 0x00000226d5588070 DEOPT PACKING pc=0x00000226e7904db0 sp=0x0000007872cff080
Event: 21.407 Thread 0x00000226d5588070 DEOPT UNPACKING pc=0x00000226e71346a2 sp=0x0000007872cff000 mode 2

Classes loaded (20 events):
Event: 21.395 Loading class java/nio/BufferMismatch
Event: 21.395 Loading class java/nio/BufferMismatch done
Event: 21.395 Loading class sun/nio/ch/SourceChannelImpl
Event: 21.395 Loading class java/nio/channels/Pipe$SourceChannel
Event: 21.396 Loading class java/nio/channels/Pipe$SourceChannel done
Event: 21.396 Loading class sun/nio/ch/SourceChannelImpl done
Event: 21.396 Loading class sun/nio/ch/SinkChannelImpl
Event: 21.396 Loading class java/nio/channels/Pipe$SinkChannel
Event: 21.396 Loading class java/nio/channels/Pipe$SinkChannel done
Event: 21.396 Loading class sun/nio/ch/SinkChannelImpl done
Event: 21.401 Loading class java/util/TreeMap$ValueSpliterator
Event: 21.402 Loading class java/util/TreeMap$TreeMapSpliterator
Event: 21.402 Loading class java/util/TreeMap$TreeMapSpliterator done
Event: 21.402 Loading class java/util/TreeMap$ValueSpliterator done
Event: 21.426 Loading class java/util/IdentityHashMap$KeySpliterator
Event: 21.427 Loading class java/util/IdentityHashMap$IdentityHashMapSpliterator
Event: 21.427 Loading class java/util/IdentityHashMap$IdentityHashMapSpliterator done
Event: 21.427 Loading class java/util/IdentityHashMap$KeySpliterator done
Event: 21.437 Loading class java/nio/channels/spi/AbstractSelector$1
Event: 21.437 Loading class java/nio/channels/spi/AbstractSelector$1 done

Classes unloaded (0 events):
No events

Classes redefined (0 events):
No events

Internal exceptions (20 events):
Event: 18.630 Thread 0x00000226d5588070 Exception <a 'java/lang/NoSuchMethodError'{0x00000000a4dfd508}: 'java.lang.Object java.lang.invoke.Invokers$Holder.linkToTargetMethod(java.lang.Object, java.lang.Object, java.lang.Object, java.lang.Object, java.lang.Object, java.lang.Object, java.lang.Object, java.lang.Object, java.lang.Object, java.lang.Object, java.lang.Object, java.lang.Object)'> (0x00000000a4dfd508) 
thrown [s\open\src\hotspot\share\interpreter\linkResolver.cpp, line 773]
Event: 18.708 Thread 0x00000226d5588070 Exception <a 'java/lang/NoSuchMethodError'{0x00000000a4ba7a78}: 'java.lang.Object java.lang.invoke.DirectMethodHandle$Holder.newInvokeSpecial(java.lang.Object, java.lang.Object, java.lang.Object, java.lang.Object, java.lang.Object, java.lang.Object)'> (0x00000000a4ba7a78) 
thrown [s\open\src\hotspot\share\interpreter\linkResolver.cpp, line 773]
Event: 18.729 Thread 0x00000226d5588070 Exception <a 'java/lang/NoSuchMethodError'{0x00000000a4a19010}: 'java.lang.Object java.lang.invoke.DirectMethodHandle$Holder.newInvokeSpecial(java.lang.Object, java.lang.Object, java.lang.Object, java.lang.Object, java.lang.Object, java.lang.Object, java.lang.Object, int)'> (0x00000000a4a19010) 
thrown [s\open\src\hotspot\share\interpreter\linkResolver.cpp, line 773]
Event: 18.730 Thread 0x00000226d5588070 Exception <a 'java/lang/NoSuchMethodError'{0x00000000a4a1d580}: 'java.lang.Object java.lang.invoke.DirectMethodHandle$Holder.invokeSpecial(java.lang.Object, java.lang.Object, java.lang.Object, java.lang.Object, java.lang.Object, java.lang.Object, java.lang.Object, java.lang.Object, int)'> (0x00000000a4a1d580) 
thrown [s\open\src\hotspot\share\interpreter\linkResolver.cpp, line 773]
Event: 18.730 Thread 0x00000226d5588070 Exception <a 'java/lang/NoSuchMethodError'{0x00000000a4a215a8}: 'java.lang.Object java.lang.invoke.Invokers$Holder.linkToTargetMethod(java.lang.Object, java.lang.Object, java.lang.Object, java.lang.Object, java.lang.Object, java.lang.Object, int, java.lang.Object)'> (0x00000000a4a215a8) 
thrown [s\open\src\hotspot\share\interpreter\linkResolver.cpp, line 773]
Event: 18.772 Thread 0x00000226d5588070 Exception <a 'java/lang/NoSuchMethodError'{0x00000000a4aea680}: 'void java.lang.invoke.DirectMethodHandle$Holder.invokeInterface(java.lang.Object, java.lang.Object)'> (0x00000000a4aea680) 
thrown [s\open\src\hotspot\share\interpreter\linkResolver.cpp, line 773]
Event: 19.143 Thread 0x00000226d5588070 Exception <a 'java/lang/NoSuchMethodError'{0x00000000a4678720}: 'void java.lang.invoke.Invokers$Holder.invokeExact_MT(java.lang.Object, java.lang.Object, java.lang.Object, java.lang.Object)'> (0x00000000a4678720) 
thrown [s\open\src\hotspot\share\interpreter\linkResolver.cpp, line 773]
Event: 19.265 Thread 0x00000226d5588070 Exception <a 'java/lang/IncompatibleClassChangeError'{0x00000000a4236260}: Found class java.lang.Object, but interface was expected> (0x00000000a4236260) 
thrown [s\open\src\hotspot\share\interpreter\linkResolver.cpp, line 840]
Event: 19.286 Thread 0x00000226d5588070 Exception <a 'java/lang/IncompatibleClassChangeError'{0x00000000a42c9568}: Found class java.lang.Object, but interface was expected> (0x00000000a42c9568) 
thrown [s\open\src\hotspot\share\interpreter\linkResolver.cpp, line 840]
Event: 19.354 Thread 0x00000226d5588070 Exception <a 'java/lang/IncompatibleClassChangeError'{0x00000000a4037b30}: Found class java.lang.Object, but interface was expected> (0x00000000a4037b30) 
thrown [s\open\src\hotspot\share\interpreter\linkResolver.cpp, line 840]
Event: 19.692 Thread 0x00000226d5588070 Exception <a 'java/lang/IncompatibleClassChangeError'{0x00000000a687f468}: Found class java.lang.Object, but interface was expected> (0x00000000a687f468) 
thrown [s\open\src\hotspot\share\interpreter\linkResolver.cpp, line 840]
Event: 19.965 Thread 0x00000226d5588070 Exception <a 'java/lang/IncompatibleClassChangeError'{0x00000000a6546780}: Found class java.lang.Object, but interface was expected> (0x00000000a6546780) 
thrown [s\open\src\hotspot\share\interpreter\linkResolver.cpp, line 840]
Event: 20.164 Thread 0x00000226d5588070 Exception <a 'java/lang/NoSuchMethodError'{0x00000000a4dfb950}: 'java.lang.Object java.lang.invoke.DirectMethodHandle$Holder.invokeInterface(java.lang.Object, java.lang.Object, java.lang.Object, java.lang.Object)'> (0x00000000a4dfb950) 
thrown [s\open\src\hotspot\share\interpreter\linkResolver.cpp, line 773]
Event: 20.217 Thread 0x00000226d5588070 Exception <a 'java/lang/NoSuchMethodError'{0x00000000a4b34be0}: 'java.lang.Object java.lang.invoke.DirectMethodHandle$Holder.newInvokeSpecial(java.lang.Object, java.lang.Object, java.lang.Object, java.lang.Object, java.lang.Object, java.lang.Object, java.lang.Object, java.lang.Object)'> (0x00000000a4b34be0) 
thrown [s\open\src\hotspot\share\interpreter\linkResolver.cpp, line 773]
Event: 20.861 Thread 0x00000226d5588070 Exception <a 'java/lang/IncompatibleClassChangeError'{0x00000000a4179a38}: Found class java.lang.Object, but interface was expected> (0x00000000a4179a38) 
thrown [s\open\src\hotspot\share\interpreter\linkResolver.cpp, line 840]
Event: 20.895 Thread 0x00000226d5588070 Implicit null exception at 0x00000226e77a7948 to 0x00000226e77a7a04
Event: 20.950 Thread 0x00000226d5588070 Exception <a 'java/lang/NoSuchMethodError'{0x00000000a3f12f60}: 'void java.lang.invoke.DirectMethodHandle$Holder.invokeVirtual(java.lang.Object, java.lang.Object, long)'> (0x00000000a3f12f60) 
thrown [s\open\src\hotspot\share\interpreter\linkResolver.cpp, line 773]
Event: 21.120 Thread 0x00000226d5588070 Exception <a 'java/lang/NoSuchMethodError'{0x00000000a7b7e268}: 'int java.lang.invoke.DirectMethodHandle$Holder.invokeStaticInit(java.lang.Object, java.lang.Object, java.lang.Object, java.lang.Object)'> (0x00000000a7b7e268) 
thrown [s\open\src\hotspot\share\interpreter\linkResolver.cpp, line 773]
Event: 21.167 Thread 0x00000226d5588070 Exception <a 'java/lang/IncompatibleClassChangeError'{0x00000000a6856020}: Found class java.lang.Object, but interface was expected> (0x00000000a6856020) 
thrown [s\open\src\hotspot\share\interpreter\linkResolver.cpp, line 840]
Event: 21.320 Thread 0x00000226d5588070 Exception <a 'java/lang/NoSuchMethodError'{0x00000000a6478cf0}: 'java.lang.Object java.lang.invoke.DirectMethodHandle$Holder.newInvokeSpecial(java.lang.Object, java.lang.Object, int, java.lang.Object, java.lang.Object)'> (0x00000000a6478cf0) 
thrown [s\open\src\hotspot\share\interpreter\linkResolver.cpp, line 773]

ZGC Phase Switch (0 events):
No events

VM Operations (20 events):
Event: 19.613 Executing VM operation: HandshakeAllThreads (Deoptimize)
Event: 19.614 Executing VM operation: HandshakeAllThreads (Deoptimize) done
Event: 19.614 Executing VM operation: Cleanup
Event: 19.614 Executing VM operation: Cleanup done
Event: 19.621 Executing VM operation: G1CollectForAllocation (G1 Evacuation Pause)
Event: 19.627 Executing VM operation: G1CollectForAllocation (G1 Evacuation Pause) done
Event: 19.722 Executing VM operation: HandshakeAllThreads (Deoptimize)
Event: 19.722 Executing VM operation: HandshakeAllThreads (Deoptimize) done
Event: 19.723 Executing VM operation: HandshakeAllThreads (Deoptimize)
Event: 19.723 Executing VM operation: HandshakeAllThreads (Deoptimize) done
Event: 20.558 Executing VM operation: HandshakeAllThreads (Deoptimize)
Event: 20.558 Executing VM operation: HandshakeAllThreads (Deoptimize) done
Event: 20.625 Executing VM operation: HandshakeAllThreads (Deoptimize)
Event: 20.625 Executing VM operation: HandshakeAllThreads (Deoptimize) done
Event: 20.996 Executing VM operation: HandshakeAllThreads (Deoptimize)
Event: 20.996 Executing VM operation: HandshakeAllThreads (Deoptimize) done
Event: 20.996 Executing VM operation: Cleanup
Event: 20.996 Executing VM operation: Cleanup done
Event: 21.079 Executing VM operation: G1CollectForAllocation (G1 Evacuation Pause)
Event: 21.092 Executing VM operation: G1CollectForAllocation (G1 Evacuation Pause) done

Events (20 events):
Event: 18.178 Thread 0x00000226f2dbb770 flushing nmethod 0x00000226e029b490
Event: 18.178 Thread 0x00000226f2dbb770 flushing nmethod 0x00000226e02c2710
Event: 18.178 Thread 0x00000226f2dbb770 flushing nmethod 0x00000226e02c5810
Event: 18.178 Thread 0x00000226f2dbb770 flushing nmethod 0x00000226e02dfd90
Event: 18.178 Thread 0x00000226f2dbb770 flushing nmethod 0x00000226e0361910
Event: 18.179 Thread 0x00000226f2dbb770 flushing nmethod 0x00000226e036d590
Event: 21.342 Thread 0x00000226fa86c690 Thread added: 0x00000226fa86c690
Event: 21.342 Thread 0x00000226fa86a5c0 Thread added: 0x00000226fa86a5c0
Event: 21.342 Thread 0x00000226fa86ac50 Thread added: 0x00000226fa86ac50
Event: 21.343 Thread 0x00000226fa86b970 Thread added: 0x00000226fa86b970
Event: 21.343 Thread 0x00000226fa45b2a0 Thread added: 0x00000226fa45b2a0
Event: 21.343 Thread 0x00000226fa459860 Thread added: 0x00000226fa459860
Event: 21.343 Thread 0x00000226fa45c650 Thread added: 0x00000226fa45c650
Event: 21.343 Thread 0x00000226fa45fad0 Thread added: 0x00000226fa45fad0
Event: 21.343 Thread 0x00000226fa45da00 Thread added: 0x00000226fa45da00
Event: 21.343 Thread 0x00000226fa4591d0 Thread added: 0x00000226fa4591d0
Event: 21.398 Thread 0x00000226fa4607f0 Thread added: 0x00000226fa4607f0
Event: 21.400 Thread 0x00000226fa460160 Thread added: 0x00000226fa460160
Event: 21.438 Thread 0x00000226d5588070 Thread exited: 0x00000226d5588070
Event: 21.438 Thread 0x00000226fa45a580 Thread added: 0x00000226fa45a580


Dynamic libraries:
0x00007ff6c72c0000 - 0x00007ff6c72d0000 	C:\Program Files\Java\jdk-21\bin\java.exe
0x00007ffa5a510000 - 0x00007ffa5a708000 	C:\Windows\SYSTEM32\ntdll.dll
0x00007ffa58890000 - 0x00007ffa58952000 	C:\Windows\System32\KERNEL32.DLL
0x00007ffa580f0000 - 0x00007ffa583e6000 	C:\Windows\System32\KERNELBASE.dll
0x00007ffa57ff0000 - 0x00007ffa580f0000 	C:\Windows\System32\ucrtbase.dll
0x00007ffa44370000 - 0x00007ffa4438b000 	C:\Program Files\Java\jdk-21\bin\VCRUNTIME140.dll
0x00007ffa44350000 - 0x00007ffa44369000 	C:\Program Files\Java\jdk-21\bin\jli.dll
0x00007ffa591b0000 - 0x00007ffa59261000 	C:\Windows\System32\ADVAPI32.dll
0x00007ffa587f0000 - 0x00007ffa5888e000 	C:\Windows\System32\msvcrt.dll
0x00007ffa5a350000 - 0x00007ffa5a3ef000 	C:\Windows\System32\sechost.dll
0x00007ffa59270000 - 0x00007ffa59390000 	C:\Windows\System32\RPCRT4.dll
0x00007ffa58500000 - 0x00007ffa58527000 	C:\Windows\System32\bcrypt.dll
0x00007ffa589c0000 - 0x00007ffa58b61000 	C:\Windows\System32\USER32.dll
0x00007ffa58480000 - 0x00007ffa584a2000 	C:\Windows\System32\win32u.dll
0x00007ffa59800000 - 0x00007ffa5982b000 	C:\Windows\System32\GDI32.dll
0x00007ffa57ba0000 - 0x00007ffa57cb9000 	C:\Windows\System32\gdi32full.dll
0x00007ffa57e20000 - 0x00007ffa57ebd000 	C:\Windows\System32\msvcp_win.dll
0x00007ffa45610000 - 0x00007ffa458ab000 	C:\Windows\WinSxS\amd64_microsoft.windows.common-controls_6595b64144ccf1df_6.0.19041.6456_none_60b8a6cb71f64256\COMCTL32.dll
0x00007ffa4c9d0000 - 0x00007ffa4c9da000 	C:\Windows\SYSTEM32\VERSION.dll
0x00007ffa599b0000 - 0x00007ffa599df000 	C:\Windows\System32\IMM32.DLL
0x00007ffa54220000 - 0x00007ffa5422c000 	C:\Program Files\Java\jdk-21\bin\vcruntime140_1.dll
0x00007ff9e9560000 - 0x00007ff9e95ee000 	C:\Program Files\Java\jdk-21\bin\msvcp140.dll
0x00007ff9d4ef0000 - 0x00007ff9d5c0a000 	C:\Program Files\Java\jdk-21\bin\server\jvm.dll
0x00007ffa5a3f0000 - 0x00007ffa5a45b000 	C:\Windows\System32\WS2_32.dll
0x00007ffa57a00000 - 0x00007ffa57a4b000 	C:\Windows\SYSTEM32\POWRPROF.dll
0x00007ffa4c9e0000 - 0x00007ffa4ca07000 	C:\Windows\SYSTEM32\WINMM.dll
0x00007ffa579e0000 - 0x00007ffa579f2000 	C:\Windows\SYSTEM32\UMPDC.dll
0x00007ffa559d0000 - 0x00007ffa559e2000 	C:\Windows\SYSTEM32\kernel.appcore.dll
0x00007ffa51930000 - 0x00007ffa5193a000 	C:\Program Files\Java\jdk-21\bin\jimage.dll
0x00007ffa4e4b0000 - 0x00007ffa4e6b1000 	C:\Windows\SYSTEM32\DBGHELP.DLL
0x00007ffa3fb20000 - 0x00007ffa3fb54000 	C:\Windows\SYSTEM32\dbgcore.DLL
0x00007ffa583f0000 - 0x00007ffa58472000 	C:\Windows\System32\bcryptPrimitives.dll
0x00007ffa527c0000 - 0x00007ffa527cf000 	C:\Program Files\Java\jdk-21\bin\instrument.dll
0x00007ffa440b0000 - 0x00007ffa440cf000 	C:\Program Files\Java\jdk-21\bin\java.dll
0x00007ffa59b60000 - 0x00007ffa5a2d0000 	C:\Windows\System32\SHELL32.dll
0x00007ffa55bd0000 - 0x00007ffa56375000 	C:\Windows\SYSTEM32\windows.storage.dll
0x00007ffa58e40000 - 0x00007ffa59194000 	C:\Windows\System32\combase.dll
0x00007ffa574f0000 - 0x00007ffa5751b000 	C:\Windows\SYSTEM32\Wldp.dll
0x00007ffa59a90000 - 0x00007ffa59b5d000 	C:\Windows\System32\OLEAUT32.dll
0x00007ffa59900000 - 0x00007ffa599ad000 	C:\Windows\System32\SHCORE.dll
0x00007ffa5a460000 - 0x00007ffa5a4bb000 	C:\Windows\System32\shlwapi.dll
0x00007ffa57ad0000 - 0x00007ffa57af4000 	C:\Windows\SYSTEM32\profapi.dll
0x00007ff9e9430000 - 0x00007ff9e9507000 	C:\Program Files\Java\jdk-21\bin\jsvml.dll
0x00007ffa15b30000 - 0x00007ffa15b48000 	C:\Program Files\Java\jdk-21\bin\zip.dll
0x00007ffa442e0000 - 0x00007ffa442f0000 	C:\Program Files\Java\jdk-21\bin\net.dll
0x00007ffa4d1a0000 - 0x00007ffa4d2aa000 	C:\Windows\SYSTEM32\WINHTTP.dll
0x00007ffa57230000 - 0x00007ffa5729a000 	C:\Windows\system32\mswsock.dll
0x00007ffa01b70000 - 0x00007ffa01b86000 	C:\Program Files\Java\jdk-21\bin\nio.dll
0x00007ffa56f40000 - 0x00007ffa5700a000 	C:\Windows\SYSTEM32\DNSAPI.dll
0x00007ffa56f00000 - 0x00007ffa56f3b000 	C:\Windows\SYSTEM32\IPHLPAPI.DLL
0x00007ffa598f0000 - 0x00007ffa598f8000 	C:\Windows\System32\NSI.dll
0x00007ffa50e00000 - 0x00007ffa50e0a000 	C:\Windows\System32\rasadhlp.dll
0x00007ffa4a3a0000 - 0x00007ffa4a420000 	C:\Windows\System32\fwpuclnt.dll
0x00007ffa440a0000 - 0x00007ffa440a9000 	C:\Program Files\Java\jdk-21\bin\extnet.dll
0x00007ffa52750000 - 0x00007ffa5275a000 	C:\Program Files\Java\jdk-21\bin\management.dll
0x00007ffa4dc30000 - 0x00007ffa4dc3b000 	C:\Program Files\Java\jdk-21\bin\management_ext.dll
0x00007ffa5a4c0000 - 0x00007ffa5a4c8000 	C:\Windows\System32\PSAPI.DLL
0x00007ffa57440000 - 0x00007ffa57458000 	C:\Windows\SYSTEM32\CRYPTSP.dll
0x00007ffa56b30000 - 0x00007ffa56b68000 	C:\Windows\system32\rsaenh.dll
0x00007ffa57a90000 - 0x00007ffa57abe000 	C:\Windows\SYSTEM32\USERENV.dll
0x00007ffa57460000 - 0x00007ffa5746c000 	C:\Windows\SYSTEM32\CRYPTBASE.dll
0x00007ffa38dd0000 - 0x00007ffa38de7000 	C:\Windows\system32\napinsp.dll
0x00007ffa38d90000 - 0x00007ffa38dab000 	C:\Windows\system32\pnrpnsp.dll
0x00007ffa54510000 - 0x00007ffa5452d000 	C:\Windows\system32\wshbth.dll
0x00007ffa526a0000 - 0x00007ffa526bd000 	C:\Windows\system32\NLAapi.dll
0x00007ffa38cc0000 - 0x00007ffa38cd2000 	C:\Windows\System32\winrnr.dll
0x00007ffa43e10000 - 0x00007ffa43e61000 	C:\Windows\SYSTEM32\pdh.dll
0x00007ffa3d2e0000 - 0x00007ffa3d2ef000 	C:\Windows\System32\perfproc.dll
0x00007ffa3d290000 - 0x00007ffa3d29f000 	C:\Windows\System32\perfos.dll
0x00007ffa16040000 - 0x00007ffa1604e000 	C:\Program Files\Java\jdk-21\bin\sunmscapi.dll
0x00007ffa57cc0000 - 0x00007ffa57e1d000 	C:\Windows\System32\CRYPT32.dll
0x00007ffa57560000 - 0x00007ffa57587000 	C:\Windows\SYSTEM32\ncrypt.dll
0x00007ffa57520000 - 0x00007ffa5755b000 	C:\Windows\SYSTEM32\NTASN1.dll
0x00007ffa52700000 - 0x00007ffa52710000 	C:\Program Files\Java\jdk-21\bin\verify.dll
0x00007ffa00900000 - 0x00007ffa00907000 	C:\Windows\system32\wshunix.dll

dbghelp: loaded successfully - version: 4.0.5 - missing functions: none
symbol engine: initialized successfully - sym options: 0x614 - pdb path: .;C:\Program Files\Java\jdk-21\bin;C:\Windows\SYSTEM32;C:\Windows\WinSxS\amd64_microsoft.windows.common-controls_6595b64144ccf1df_6.0.19041.6456_none_60b8a6cb71f64256;C:\Program Files\Java\jdk-21\bin\server

VM Arguments:
jvm_args: -javaagent:C:\Program Files\JetBrains\IntelliJ IDEA 2025.1.3\lib\idea_rt.jar=57208 -Dfile.encoding=UTF-8 -Dsun.stdout.encoding=UTF-8 -Dsun.stderr.encoding=UTF-8 
java_command: com.nguyenngocquyet.duancuatoi.DuancuatoiApplication
java_class_path (initial): C:\Users\NNQ\Desktop\duancuatoi\target\classes;C:\Users\NNQ\.m2\repository\org\springframework\boot\spring-boot-starter-web\3.3.2\spring-boot-starter-web-3.3.2.jar;C:\Users\NNQ\.m2\repository\org\springframework\boot\spring-boot-starter\3.3.2\spring-boot-starter-3.3.2.jar;C:\Users\NNQ\.m2\repository\org\springframework\boot\spring-boot\3.3.2\spring-boot-3.3.2.jar;C:\Users\NNQ\.m2\repository\org\springframework\boot\spring-boot-autoconfigure\3.3.2\spring-boot-autoconfigure-3.3.2.jar;C:\Users\NNQ\.m2\repository\org\springframework\boot\spring-boot-starter-logging\3.3.2\spring-boot-starter-logging-3.3.2.jar;C:\Users\NNQ\.m2\repository\ch\qos\logback\logback-classic\1.5.6\logback-classic-1.5.6.jar;C:\Users\NNQ\.m2\repository\ch\qos\logback\logback-core\1.5.6\logback-core-1.5.6.jar;C:\Users\NNQ\.m2\repository\org\apache\logging\log4j\log4j-to-slf4j\2.23.1\log4j-to-slf4j-2.23.1.jar;C:\Users\NNQ\.m2\repository\org\apache\logging\log4j\log4j-api\2.23.1\log4j-api-2.23.1.jar;C:\Users\NNQ\.m2\repository\org\slf4j\jul-to-slf4j\2.0.13\jul-to-slf4j-2.0.13.jar;C:\Users\NNQ\.m2\repository\jakarta\annotation\jakarta.annotation-api\2.1.1\jakarta.annotation-api-2.1.1.jar;C:\Users\NNQ\.m2\repository\org\yaml\snakeyaml\2.2\snakeyaml-2.2.jar;C:\Users\NNQ\.m2\repository\org\springframework\boot\spring-boot-starter-json\3.3.2\spring-boot-starter-json-3.3.2.jar;C:\Users\NNQ\.m2\repository\com\fasterxml\jackson\core\jackson-databind\2.17.2\jackson-databind-2.17.2.jar;C:\Users\NNQ\.m2\repository\com\fasterxml\jackson\core\jackson-annotations\2.17.2\jackson-annotations-2.17.2.jar;C:\Users\NNQ\.m2\repository\com\fasterxml\jackson\core\jackson-core\2.17.2\jackson-core-2.17.2.jar;C:\Users\NNQ\.m2\repository\com\fasterxml\jackson\datatype\jackson-datatype-jdk8\2.17.2\jackson-datatype-jdk8-2.17.2.jar;C:\Users\NNQ\.m2\repository\com\fasterxml\jackson\datatype\jackson-datatype-jsr310\2.17.2\jackson-datatype-jsr310-2.17.2.jar;C:\Users\NNQ\.m2\repository\com\fasterxml\jackson\module\jackson-module-parameter-names\2.17.2\jackson-module-parameter-names-2.17.2.jar;C:\Users\NNQ\.m2\repository\org\springframework\boot\spring-boot-starter-tomcat\3.3.2\spring-boot-starter-tomcat-3.3.2.jar;C:\Users\NNQ\.m2\repository\org\apache\tomcat\embed\tomcat-embed-core\10.1.26\tomcat-embed-core-10.1.26.jar;C:\Users\NNQ\.m2\repository\org\apache\tomcat\embed\tomcat-embed-websocket\10.1.26\tomcat-embed-websocket-10.1.26.jar;C:\Users\NNQ\.m2\repository\org\springframework\spring-web\6.1.11\spring-web-6.1.11.jar;C:\Users\NNQ\.m2\repository\org\springframework\spring-beans\6.1.11\spring-beans-6.1.11.jar;C:\Users\NNQ\.m2\repository\io\micrometer\micrometer-observation\1.13.2\micrometer-observation-1.13.2.jar;C:\Users\NNQ\.m2\repository\io\micrometer\micrometer-commons\1.13.2\micrometer-commons-1.13.2.jar;C:\Users\NNQ\.m2\repository\org\springframework\spring-webmvc\6.1.11\spring-webmvc-6.1.11.jar;C:\Users\NNQ\.m2\repository\org\springframework\spring-aop\6.1.11\spring-aop-6.1.11.jar;C:\Users\NNQ\.m2\repository\org\springframework\spring-context\6.1.11\spring-context-6.1.11.jar;C:\Users\NNQ\.m2\repository\org\springframework\spring-expression\6.1.11\spring-expression-6.1.11.jar;C:\Users\NNQ\.m2\repository\org\springframework\boot\spring-boot-starter-validation\3.3.2\spring-boot-starter-validation-3.3.2.jar;C:\Users\NNQ\.m2\repository\org\apache\tomcat\embed\tomcat-embed-el\10.1.26\tomcat-embed-el-10.1.26.jar;C:\Users\NNQ\.m2\repository\org\hibernate\validator\hibernate-validator\8.0.1.Final\hibernate-validator-8.0.1.Final.jar;C:\Users\NNQ\.m2\repository\jakarta\validation\jakarta.validation-api\3.0.2\jakarta.validation-api-3.0.2.jar;C:\Users\NNQ\.m2\repository\org\jboss\logging\jboss-logging\3.5.3.Final\jboss-logging-3.5.3.Final.jar;C:\Users\NNQ\.m2\repository\com\fasterxml\classmate\1.7.0\classmate-1.7.0.jar;C:\Users\NNQ\.m2\repository\org\slf4j\slf4j-api\2.0.13\slf4j-api-2.0.13.jar;C:\Users\NNQ\.m2\repository\jakarta\xml\bind\jakarta.xml.bind-api\4.0.2\jakarta.xml.bind-api-4.0.2.jar;C:\Users\NNQ\.m2\repository\jakarta\activation\jakarta.activation-api\2.1.3\jakarta.activation-api-2.1.3.jar;C:\Users\NNQ\.m2\repository\net\bytebuddy\byte-buddy\1.14.18\byte-buddy-1.14.18.jar;C:\Users\NNQ\.m2\repository\org\springframework\spring-core\6.1.11\spring-core-6.1.11.jar;C:\Users\NNQ\.m2\repository\org\springframework\spring-jcl\6.1.11\spring-jcl-6.1.11.jar;C:\Users\NNQ\.m2\repository\org\springframework\boot\spring-boot-starter-data-jpa\3.3.2\spring-boot-starter-data-jpa-3.3.2.jar;C:\Users\NNQ\.m2\repository\org\springframework\boot\spring-boot-starter-aop\3.3.2\spring-boot-starter-aop-3.3.2.jar;C:\Users\NNQ\.m2\repository\org\aspectj\aspectjweaver\1.9.22.1\aspectjweaver-1.9.22.1.jar;C:\Users\NNQ\.m2\repository\org\springframework\boot\spring-boot-starter-jdbc\3.3.2\spring-boot-starter-jdbc-3.3.2.jar;C:\Users\NNQ\.m2\repository\com\zaxxer\HikariCP\5.1.0\HikariCP-5.1.0.jar;C:\Users\NNQ\.m2\repository\org\springframework\spring-jdbc\6.1.11\spring-jdbc-6.1.11.jar;C:\Users\NNQ\.m2\repository\org\hibernate\orm\hibernate-core\6.5.2.Final\hibernate-core-6.5.2.Final.jar;C:\Users\NNQ\.m2\repository\jakarta\persistence\jakarta.persistence-api\3.1.0\jakarta.persistence-api-3.1.0.jar;C:\Users\NNQ\.m2\repository\jakarta\transaction\jakarta.transaction-api\2.0.1\jakarta.transaction-api-2.0.1.jar;C:\Users\NNQ\.m2\repository\org\hibernate\common\hibernate-commons-annotations\6.0.6.Final\hibernate-commons-annotations-6.0.6.Final.jar;C:\Users\NNQ\.m2\repository\io\smallrye\jandex\3.1.2\jandex-3.1.2.jar;C:\Users\NNQ\.m2\repository\org\glassfish\jaxb\jaxb-runtime\4.0.5\jaxb-runtime-4.0.5.jar;C:\Users\NNQ\.m2\repository\org\glassfish\jaxb\jaxb-core\4.0.5\jaxb-core-4.0.5.jar;C:\Users\NNQ\.m2\repository\org\eclipse\angus\angus-activation\2.0.2\angus-activation-2.0.2.jar;C:\Users\NNQ\.m2\repository\org\glassfish\jaxb\txw2\4.0.5\txw2-4.0.5.jar;C:\Users\NNQ\.m2\repository\com\sun\istack\istack-commons-runtime\4.1.2\istack-commons-runtime-4.1.2.jar;C:\Users\NNQ\.m2\repository\jakarta\inject\jakarta.inject-api\2.0.1\jakarta.inject-api-2.0.1.jar;C:\Users\NNQ\.m2\repository\org\antlr\antlr4-runtime\4.13.0\antlr4-runtime-4.13.0.jar;C:\Users\NNQ\.m2\repository\org\springframework\data\spring-data-jpa\3.3.2\spring-data-jpa-3.3.2.jar;C:\Users\NNQ\.m2\repository\org\springframework\data\spring-data-commons\3.3.2\spring-data-commons-3.3.2.jar;C:\Users\NNQ\.m2\repository\org\springframework\spring-orm\6.1.11\spring-orm-6.1.11.jar;C:\Users\NNQ\.m2\repository\org\springframework\spring-tx\6.1.11\spring-tx-6.1.11.jar;C:\Users\NNQ\.m2\repository\org\springframework\spring-aspects\6.1.11\spring-aspects-6.1.11.jar;C:\Users\NNQ\.m2\repository\com\mysql\mysql-connector-j\8.3.0\mysql-connector-j-8.3.0.jar
Launcher Type: SUN_STANDARD

[Global flags]
     intx CICompilerCount                          = 3                                         {product} {ergonomic}
     uint ConcGCThreads                            = 1                                         {product} {ergonomic}
     uint G1ConcRefinementThreads                  = 4                                         {product} {ergonomic}
   size_t G1HeapRegionSize                         = 1048576                                   {product} {ergonomic}
    uintx GCDrainStackTargetSize                   = 64                                        {product} {ergonomic}
   size_t InitialHeapSize                          = 100663296                                 {product} {ergonomic}
   size_t MarkStackSize                            = 4194304                                   {product} {ergonomic}
   size_t MaxHeapSize                              = 1581252608                                {product} {ergonomic}
   size_t MaxNewSize                               = 947912704                                 {product} {ergonomic}
   size_t MinHeapDeltaBytes                        = 1048576                                   {product} {ergonomic}
   size_t MinHeapSize                              = 8388608                                   {product} {ergonomic}
    uintx NonNMethodCodeHeapSize                   = 5832780                                {pd product} {ergonomic}
    uintx NonProfiledCodeHeapSize                  = 122912730                              {pd product} {ergonomic}
    uintx ProfiledCodeHeapSize                     = 122912730                              {pd product} {ergonomic}
    uintx ReservedCodeCacheSize                    = 251658240                              {pd product} {ergonomic}
     bool SegmentedCodeCache                       = true                                      {product} {ergonomic}
   size_t SoftMaxHeapSize                          = 1581252608                             {manageable} {ergonomic}
     bool UseCompressedOops                        = true                           {product lp64_product} {ergonomic}
     bool UseG1GC                                  = true                                      {product} {ergonomic}
     bool UseLargePagesIndividualAllocation        = false                                  {pd product} {ergonomic}

Logging:
Log output configuration:
 #0: stdout all=warning uptime,level,tags foldmultilines=false
 #1: stderr all=off uptime,level,tags foldmultilines=false

Environment Variables:
JAVA_HOME=C:\Program Files\Java\jdk-21
PATH=C:\Program Files (x86)\VMware\VMware Workstation\bin\;C:\Program Files\Common Files\Oracle\Java\javapath;C:\Program Files\Microsoft MPI\Bin\;%System;oot%\system32;C:\Windows;C:\Windows\System32\Wbem;C:\Windows\System32\WindowsPowerShell\v1.0\;C:\Windows\System32\OpenSSH\;C:\Program Files\Microsoft SQL Server\Client SDK\ODBC\170\Tools\Binn\;C:\Program Files\Azure Data Studio\bin;C:\Program Files\Git\cmd;C:\Program Files (x86)\Microsoft SQL Server\160\Tools\Binn\;C:\Program Files\Microsoft SQL Server\160\Tools\Binn\;C:\Program Files\Microsoft SQL Server\160\DTS\Binn\;C:\Windows\System32;C:\Program Files\Microsoft SQL Server\150\Tools\Binn\;C:\Program Files\Microsoft SQL Server\130\Tools\Binn\;C:\Maven\apache-maven-3.9.11\bin;;C:\Program Files\Docker\Docker\resources\bin;C:\Program Files\nodejs\;%PATH:C:\Users\NNQ\AppData\Roaming\npm;=%;C:\Users\NNQ\AppData\Roaming\npm;C:\Users\NNQ\AppData\Local\Programs\Microsoft VS Code\bin
USERNAME=NNQ
OS=Windows_NT
PROCESSOR_IDENTIFIER=AMD64 Family 23 Model 24 Stepping 1, AuthenticAMD
TMP=C:\Users\NNQ\AppData\Local\Temp
TEMP=C:\Users\NNQ\AppData\Local\Temp




Periodic native trim disabled

---------------  S Y S T E M  ---------------

OS:
 Windows 10 , 64 bit Build 19041 (10.0.19041.5915)
OS uptime: 0 days 4:31 hours
Hyper-V role detected

CPU: total 4 (initial active 4) (4 cores per cpu, 2 threads per core) family 23 model 24 stepping 1 microcode 0x0, cx8, cmov, fxsr, ht, mmx, 3dnowpref, sse, sse2, sse3, ssse3, sse4a, sse4.1, sse4.2, popcnt, lzcnt, tsc, tscinvbit, avx, avx2, aes, clmul, bmi1, bmi2, adx, sha, fma, vzeroupper, clflush, clflushopt, hv, rdtscp, f16c
Processor Information for all 4 processors :
  Max Mhz: 2600, Current Mhz: 2600, Mhz Limit: 2600

Memory: 4k page, system-wide physical 6030M (175M free)
TotalPageFile size 15512M (AvailPageFile size 5M)
current process WorkingSet (physical memory assigned to process): 249M, peak: 256M
current process commit charge ("private bytes"): 277M, peak: 284M

vm_info: Java HotSpot(TM) 64-Bit Server VM (21.0.6+8-LTS-188) for windows-amd64 JRE (21.0.6+8-LTS-188), built on 2024-12-03T10:50:54Z by "mach5one" with MS VC++ 17.6 (VS2022)

END.
