#
# There is insufficient memory for the Java Runtime Environment to continue.
# Native memory allocation (malloc) failed to allocate 65552 bytes for Chunk::new
# Possible reasons:
#   The system is out of physical RAM or swap space
#   The process is running with CompressedOops enabled, and the Java Heap may be blocking the growth of the native heap
# Possible solutions:
#   Reduce memory load on the system
#   Increase physical memory or swap space
#   Check if swap backing store is full
#   Decrease Java heap size (-Xmx/-Xms)
#   Decrease number of Java threads
#   Decrease Java thread stack sizes (-Xss)
#   Set larger code cache with -XX:ReservedCodeCacheSize=
#   JVM is running with Unscaled Compressed Oops mode in which the Java heap is
#     placed in the first 4GB address space. The Java Heap base address is the
#     maximum limit for the native heap growth. Please use -XX:HeapBaseMinAddress
#     to set the Java Heap base and to place the Java Heap above 4GB virtual address.
# This output file may be truncated or incomplete.
#
#  Out of Memory Error (arena.cpp:168), pid=9564, tid=8448
#
# JRE version: Java(TM) SE Runtime Environment (21.0.6+8) (build 21.0.6+8-LTS-188)
# Java VM: Java HotSpot(TM) 64-Bit Server VM (21.0.6+8-LTS-188, mixed mode, sharing, tiered, compressed oops, compressed class ptrs, g1 gc, windows-amd64)
# No core dump will be written. Minidumps are not enabled by default on client versions of Windows
#

---------------  S U M M A R Y ------------

Command Line: -javaagent:C:\Program Files\JetBrains\IntelliJ IDEA 2025.1.3\lib\idea_rt.jar=58001 -Dfile.encoding=UTF-8 -Dsun.stdout.encoding=UTF-8 -Dsun.stderr.encoding=UTF-8 com.nguyenngocquyet.duancuatoi.DuancuatoiApplication

Host: AMD Ryzen 3 3250U with Radeon Graphics         , 4 cores, 5G,  Windows 10 , 64 bit Build 19041 (10.0.19041.5915)
Time: Sat Mar  7 19:51:57 2026 SE Asia Standard Time elapsed time: 153.141381 seconds (0d 0h 2m 33s)

---------------  T H R E A D  ---------------

Current thread (0x000001b29c3eb070):  JavaThread "C2 CompilerThread0" daemon [_thread_in_native, id=8448, stack(0x000000131d800000,0x000000131d900000) (1024K)]


Current CompileTask:
C2: 153141 6295       4       java.io.ObjectOutputStream::writeClassDesc (60 bytes)

Stack: [0x000000131d800000,0x000000131d900000]
Native frames: (J=compiled Java code, j=interpreted, Vv=VM code, C=native code)
V  [jvm.dll+0x6ca6d9]
V  [jvm.dll+0x854f51]
V  [jvm.dll+0x85747e]
V  [jvm.dll+0x857b53]
V  [jvm.dll+0x27dcc6]
V  [jvm.dll+0xc4c2d]
V  [jvm.dll+0xc5163]
V  [jvm.dll+0xc4d55]
V  [jvm.dll+0x6f167f]
V  [jvm.dll+0x6de379]
V  [jvm.dll+0x6e0fd1]
V  [jvm.dll+0x6e48f1]
V  [jvm.dll+0x6dcb45]
V  [jvm.dll+0x6dc00e]
V  [jvm.dll+0x6da22c]
V  [jvm.dll+0x1c9dec]
V  [jvm.dll+0x1ca96c]
V  [jvm.dll+0x2f01cf]
V  [jvm.dll+0x6e4918]
V  [jvm.dll+0x6dcb45]
V  [jvm.dll+0x6dc00e]
V  [jvm.dll+0x6da22c]
V  [jvm.dll+0x1c9dec]
V  [jvm.dll+0x2f01cf]
V  [jvm.dll+0x6e4918]
V  [jvm.dll+0x6dcb45]
V  [jvm.dll+0x6dc00e]
V  [jvm.dll+0x6da22c]
V  [jvm.dll+0x1c9dec]
V  [jvm.dll+0x2f01cf]
V  [jvm.dll+0x6e4918]
V  [jvm.dll+0x6dcb45]
V  [jvm.dll+0x6dc00e]
V  [jvm.dll+0x6da22c]
V  [jvm.dll+0x1c9dec]
V  [jvm.dll+0x1ca96c]
V  [jvm.dll+0x2f01cf]
V  [jvm.dll+0x6e4918]
V  [jvm.dll+0x6dcb45]
V  [jvm.dll+0x6dc00e]
V  [jvm.dll+0x6da22c]
V  [jvm.dll+0x1c9dec]
V  [jvm.dll+0x1ca96c]
V  [jvm.dll+0x2f01cf]
V  [jvm.dll+0x6e4918]
V  [jvm.dll+0x6dcb45]
V  [jvm.dll+0x6dc00e]
V  [jvm.dll+0x6da22c]
V  [jvm.dll+0x1c9dec]
V  [jvm.dll+0x1ca96c]
V  [jvm.dll+0x2f01cf]
V  [jvm.dll+0x6e4918]
V  [jvm.dll+0x6dcb45]
V  [jvm.dll+0x6dc00e]
V  [jvm.dll+0x6da22c]
V  [jvm.dll+0x1c9dec]
V  [jvm.dll+0x1ca96c]
V  [jvm.dll+0x2f01cf]
V  [jvm.dll+0x6e4918]
V  [jvm.dll+0x6dcb45]
V  [jvm.dll+0x6dc00e]
V  [jvm.dll+0x6da22c]
V  [jvm.dll+0x1c9dec]
V  [jvm.dll+0x245a6e]
V  [jvm.dll+0x1c6d2e]
V  [jvm.dll+0x2554f9]
V  [jvm.dll+0x253a8a]
V  [jvm.dll+0x3ee576]
V  [jvm.dll+0x7ff2fb]
V  [jvm.dll+0x6c8dbd]
C  [ucrtbase.dll+0x21bb2]
C  [KERNEL32.DLL+0x17374]
C  [ntdll.dll+0x4cc91]


---------------  P R O C E S S  ---------------

Threads class SMR info:
_java_thread_list=0x000001b2e5a2c840, length=33, elements={
0x000001b29c3e2aa0, 0x000001b29c3e3b60, 0x000001b29c3e8400, 0x000001b29c3e8e50,
0x000001b29c3e98a0, 0x000001b29c3ea2f0, 0x000001b29c3eb070, 0x000001b29c419c90,
0x000001b29c47d300, 0x000001b29c99ccf0, 0x000001b29c910540, 0x000001b2e27c4330,
0x000001b2e252cdb0, 0x000001b2e254ce00, 0x000001b2e254e470, 0x000001b2e3df84c0,
0x000001b2e3df5d60, 0x000001b2e3df63f0, 0x000001b2e3df6a80, 0x000001b2e3df77a0,
0x000001b2e3df7110, 0x000001b2e3df7e30, 0x000001b2e5202b70, 0x000001b2e5203890,
0x000001b2e5201e50, 0x000001b2e51ff6f0, 0x000001b2e5200410, 0x000001b2e52045b0,
0x000001b2e5204c40, 0x000001b2e52017c0, 0x000001b2e5200aa0, 0x000001b2e52052d0,
0x000001b2e5205960
}

Java Threads: ( => current thread )
  0x000001b29c3e2aa0 JavaThread "Reference Handler"          daemon [_thread_blocked, id=3792, stack(0x000000131d200000,0x000000131d300000) (1024K)]
  0x000001b29c3e3b60 JavaThread "Finalizer"                  daemon [_thread_blocked, id=9012, stack(0x000000131d300000,0x000000131d400000) (1024K)]
  0x000001b29c3e8400 JavaThread "Signal Dispatcher"          daemon [_thread_blocked, id=11128, stack(0x000000131d400000,0x000000131d500000) (1024K)]
  0x000001b29c3e8e50 JavaThread "Attach Listener"            daemon [_thread_blocked, id=2660, stack(0x000000131d500000,0x000000131d600000) (1024K)]
  0x000001b29c3e98a0 JavaThread "Service Thread"             daemon [_thread_blocked, id=9416, stack(0x000000131d600000,0x000000131d700000) (1024K)]
  0x000001b29c3ea2f0 JavaThread "Monitor Deflation Thread"   daemon [_thread_blocked, id=11452, stack(0x000000131d700000,0x000000131d800000) (1024K)]
=>0x000001b29c3eb070 JavaThread "C2 CompilerThread0"         daemon [_thread_in_native, id=8448, stack(0x000000131d800000,0x000000131d900000) (1024K)]
  0x000001b29c419c90 JavaThread "C1 CompilerThread0"         daemon [_thread_blocked, id=13552, stack(0x000000131d900000,0x000000131da00000) (1024K)]
  0x000001b29c47d300 JavaThread "Common-Cleaner"             daemon [_thread_blocked, id=15344, stack(0x000000131da00000,0x000000131db00000) (1024K)]
  0x000001b29c99ccf0 JavaThread "Monitor Ctrl-Break"         daemon [_thread_in_native, id=9052, stack(0x000000131db00000,0x000000131dc00000) (1024K)]
  0x000001b29c910540 JavaThread "Notification Thread"        daemon [_thread_blocked, id=7756, stack(0x000000131dc00000,0x000000131dd00000) (1024K)]
  0x000001b2e27c4330 JavaThread "RMI TCP Accept-0"           daemon [_thread_in_native, id=4340, stack(0x000000131e000000,0x000000131e100000) (1024K)]
  0x000001b2e252cdb0 JavaThread "RMI TCP Connection(1)-172.30.192.1" daemon [_thread_in_native, id=15860, stack(0x000000131e100000,0x000000131e200000) (1024K)]
  0x000001b2e254ce00 JavaThread "RMI Scheduler(0)"           daemon [_thread_blocked, id=1860, stack(0x000000131e200000,0x000000131e300000) (1024K)]
  0x000001b2e254e470 JavaThread "JMX server connection timeout 28" daemon [_thread_blocked, id=9556, stack(0x000000131e300000,0x000000131e400000) (1024K)]
  0x000001b2e3df84c0 JavaThread "Catalina-utility-1"                [_thread_blocked, id=14740, stack(0x000000131e400000,0x000000131e500000) (1024K)]
  0x000001b2e3df5d60 JavaThread "Catalina-utility-2"                [_thread_blocked, id=7588, stack(0x000000131e500000,0x000000131e600000) (1024K)]
  0x000001b2e3df63f0 JavaThread "container-0"                       [_thread_blocked, id=11060, stack(0x000000131e600000,0x000000131e700000) (1024K)]
  0x000001b2e3df6a80 JavaThread "mysql-cj-abandoned-connection-cleanup" daemon [_thread_blocked, id=13344, stack(0x000000131e700000,0x000000131e800000) (1024K)]
  0x000001b2e3df77a0 JavaThread "HikariPool-1 housekeeper"   daemon [_thread_blocked, id=12132, stack(0x000000131e900000,0x000000131ea00000) (1024K)]
  0x000001b2e3df7110 JavaThread "http-nio-7070-exec-1"       daemon [_thread_blocked, id=14308, stack(0x000000131eb00000,0x000000131ec00000) (1024K)]
  0x000001b2e3df7e30 JavaThread "http-nio-7070-exec-2"       daemon [_thread_blocked, id=16216, stack(0x000000131ec00000,0x000000131ed00000) (1024K)]
  0x000001b2e5202b70 JavaThread "http-nio-7070-exec-3"       daemon [_thread_blocked, id=2264, stack(0x000000131ed00000,0x000000131ee00000) (1024K)]
  0x000001b2e5203890 JavaThread "http-nio-7070-exec-4"       daemon [_thread_blocked, id=10760, stack(0x000000131ee00000,0x000000131ef00000) (1024K)]
  0x000001b2e5201e50 JavaThread "http-nio-7070-exec-5"       daemon [_thread_blocked, id=10096, stack(0x000000131ef00000,0x000000131f000000) (1024K)]
  0x000001b2e51ff6f0 JavaThread "http-nio-7070-exec-6"       daemon [_thread_blocked, id=12184, stack(0x000000131f000000,0x000000131f100000) (1024K)]
  0x000001b2e5200410 JavaThread "http-nio-7070-exec-7"       daemon [_thread_blocked, id=10596, stack(0x000000131f100000,0x000000131f200000) (1024K)]
  0x000001b2e52045b0 JavaThread "http-nio-7070-exec-8"       daemon [_thread_blocked, id=9336, stack(0x000000131f200000,0x000000131f300000) (1024K)]
  0x000001b2e5204c40 JavaThread "http-nio-7070-exec-9"       daemon [_thread_blocked, id=264, stack(0x000000131f300000,0x000000131f400000) (1024K)]
  0x000001b2e52017c0 JavaThread "http-nio-7070-exec-10"      daemon [_thread_blocked, id=3232, stack(0x000000131f400000,0x000000131f500000) (1024K)]
  0x000001b2e5200aa0 JavaThread "http-nio-7070-Poller"       daemon [_thread_in_native, id=13624, stack(0x000000131f500000,0x000000131f600000) (1024K)]
  0x000001b2e52052d0 JavaThread "http-nio-7070-Acceptor"     daemon [_thread_in_native, id=14640, stack(0x000000131f600000,0x000000131f700000) (1024K)]
  0x000001b2e5205960 JavaThread "DestroyJavaVM"                     [_thread_blocked, id=13064, stack(0x000000131ca00000,0x000000131cb00000) (1024K)]
Total: 33

Other Threads:
  0x000001b29c3c9290 VMThread "VM Thread"                           [id=6748, stack(0x000000131d100000,0x000000131d200000) (1024K)]
  0x000001b29c3badf0 WatcherThread "VM Periodic Task Thread"        [id=4376, stack(0x000000131d000000,0x000000131d100000) (1024K)]
  0x000001b2ff94b400 WorkerThread "GC Thread#0"                     [id=11876, stack(0x000000131cb00000,0x000000131cc00000) (1024K)]
  0x000001b2e2269ad0 WorkerThread "GC Thread#1"                     [id=15784, stack(0x000000131dd00000,0x000000131de00000) (1024K)]
  0x000001b2e22943a0 WorkerThread "GC Thread#2"                     [id=7864, stack(0x000000131de00000,0x000000131df00000) (1024K)]
  0x000001b2e2294740 WorkerThread "GC Thread#3"                     [id=10996, stack(0x000000131df00000,0x000000131e000000) (1024K)]
  0x000001b2ff959f90 ConcurrentGCThread "G1 Main Marker"            [id=12084, stack(0x000000131cc00000,0x000000131cd00000) (1024K)]
  0x000001b2ff95a9a0 WorkerThread "G1 Conc#0"                       [id=5556, stack(0x000000131cd00000,0x000000131ce00000) (1024K)]
  0x000001b2ff9cafe0 ConcurrentGCThread "G1 Refine#0"               [id=11380, stack(0x000000131ce00000,0x000000131cf00000) (1024K)]
  0x000001b2ff9cbc10 ConcurrentGCThread "G1 Service"                [id=16228, stack(0x000000131cf00000,0x000000131d000000) (1024K)]
Total: 10

Threads with active compile tasks:
C2 CompilerThread0   153210 6295       4       java.io.ObjectOutputStream::writeClassDesc (60 bytes)
Total: 1

VM state: not at safepoint (normal execution)

VM Mutex/Monitor currently owned by a thread: None

Heap address: 0x00000000a1c00000, size: 1508 MB, Compressed Oops mode: 32-bit

CDS archive(s) mapped at: [0x000001b29d000000-0x000001b29dc90000-0x000001b29dc90000), size 13172736, SharedBaseAddress: 0x000001b29d000000, ArchiveRelocationMode: 1.
Compressed class space mapped at: 0x000001b29e000000-0x000001b2de000000, reserved size: 1073741824
Narrow klass base: 0x000001b29d000000, Narrow klass shift: 0, Narrow klass range: 0x100000000

GC Precious Log:
 CardTable entry size: 512
 Card Set container configuration: InlinePtr #cards 5 size 8 Array Of Cards #cards 12 size 40 Howl #buckets 4 coarsen threshold 1843 Howl Bitmap #cards 512 size 80 coarsen threshold 460 Card regions per heap region 1 cards per card region 2048
 CPUs: 4 total, 4 available
 Memory: 6030M
 Large Page Support: Disabled
 NUMA Support: Disabled
 Compressed Oops: Enabled (32-bit)
 Heap Region Size: 1M
 Heap Min Capacity: 8M
 Heap Initial Capacity: 96M
 Heap Max Capacity: 1508M
 Pre-touch: Disabled
 Parallel Workers: 4
 Concurrent Workers: 1
 Concurrent Refinement Workers: 4
 Periodic GC: Disabled

Heap:
 garbage-first heap   total 53248K, used 34344K [0x00000000a1c00000, 0x0000000100000000)
  region size 1024K, 7 young (7168K), 2 survivors (2048K)
 Metaspace       used 70743K, committed 71424K, reserved 1114112K
  class space    used 9344K, committed 9664K, reserved 1048576K

Heap Regions: E=young(eden), S=young(survivor), O=old, HS=humongous(starts), HC=humongous(continues), CS=collection set, F=free, TAMS=top-at-mark-start, PB=parsable bottom
|   0|0x00000000a1c00000, 0x00000000a1d00000, 0x00000000a1d00000|100%|HS|  |TAMS 0x00000000a1c00000| PB 0x00000000a1c00000| Complete 
|   1|0x00000000a1d00000, 0x00000000a1e00000, 0x00000000a1e00000|100%| O|  |TAMS 0x00000000a1d00000| PB 0x00000000a1d00000| Untracked 
|   2|0x00000000a1e00000, 0x00000000a1f00000, 0x00000000a1f00000|100%| O|  |TAMS 0x00000000a1e00000| PB 0x00000000a1e00000| Untracked 
|   3|0x00000000a1f00000, 0x00000000a2000000, 0x00000000a2000000|100%| O|  |TAMS 0x00000000a1f00000| PB 0x00000000a1f00000| Untracked 
|   4|0x00000000a2000000, 0x00000000a2100000, 0x00000000a2100000|100%| O|  |TAMS 0x00000000a2000000| PB 0x00000000a2000000| Untracked 
|   5|0x00000000a2100000, 0x00000000a2200000, 0x00000000a2200000|100%| O|  |TAMS 0x00000000a2100000| PB 0x00000000a2100000| Untracked 
|   6|0x00000000a2200000, 0x00000000a2300000, 0x00000000a2300000|100%| O|  |TAMS 0x00000000a2200000| PB 0x00000000a2200000| Untracked 
|   7|0x00000000a2300000, 0x00000000a2400000, 0x00000000a2400000|100%| O|  |TAMS 0x00000000a2300000| PB 0x00000000a2300000| Untracked 
|   8|0x00000000a2400000, 0x00000000a2500000, 0x00000000a2500000|100%| O|  |TAMS 0x00000000a2400000| PB 0x00000000a2400000| Untracked 
|   9|0x00000000a2500000, 0x00000000a2600000, 0x00000000a2600000|100%| O|  |TAMS 0x00000000a2500000| PB 0x00000000a2500000| Untracked 
|  10|0x00000000a2600000, 0x00000000a2700000, 0x00000000a2700000|100%| O|  |TAMS 0x00000000a2600000| PB 0x00000000a2600000| Untracked 
|  11|0x00000000a2700000, 0x00000000a2800000, 0x00000000a2800000|100%| O|  |TAMS 0x00000000a2700000| PB 0x00000000a2700000| Untracked 
|  12|0x00000000a2800000, 0x00000000a2900000, 0x00000000a2900000|100%| O|  |TAMS 0x00000000a2800000| PB 0x00000000a2800000| Untracked 
|  13|0x00000000a2900000, 0x00000000a2a00000, 0x00000000a2a00000|100%| O|  |TAMS 0x00000000a2900000| PB 0x00000000a2900000| Untracked 
|  14|0x00000000a2a00000, 0x00000000a2b00000, 0x00000000a2b00000|100%| O|  |TAMS 0x00000000a2a00000| PB 0x00000000a2a00000| Untracked 
|  15|0x00000000a2b00000, 0x00000000a2c00000, 0x00000000a2c00000|100%| O|  |TAMS 0x00000000a2b00000| PB 0x00000000a2b00000| Untracked 
|  16|0x00000000a2c00000, 0x00000000a2d00000, 0x00000000a2d00000|100%| O|  |TAMS 0x00000000a2c00000| PB 0x00000000a2c00000| Untracked 
|  17|0x00000000a2d00000, 0x00000000a2e00000, 0x00000000a2e00000|100%| O|  |TAMS 0x00000000a2d00000| PB 0x00000000a2d00000| Untracked 
|  18|0x00000000a2e00000, 0x00000000a2f00000, 0x00000000a2f00000|100%| O|  |TAMS 0x00000000a2e00000| PB 0x00000000a2e00000| Untracked 
|  19|0x00000000a2f00000, 0x00000000a3000000, 0x00000000a3000000|100%| O|  |TAMS 0x00000000a2f00000| PB 0x00000000a2f00000| Untracked 
|  20|0x00000000a3000000, 0x00000000a3100000, 0x00000000a3100000|100%| O|  |TAMS 0x00000000a3000000| PB 0x00000000a3000000| Untracked 
|  21|0x00000000a3100000, 0x00000000a3200000, 0x00000000a3200000|100%| O|  |TAMS 0x00000000a3100000| PB 0x00000000a3100000| Untracked 
|  22|0x00000000a3200000, 0x00000000a3300000, 0x00000000a3300000|100%| O|Cm|TAMS 0x00000000a3200000| PB 0x00000000a3200000| Complete 
|  23|0x00000000a3300000, 0x00000000a3400000, 0x00000000a3400000|100%| O|  |TAMS 0x00000000a3300000| PB 0x00000000a3300000| Untracked 
|  24|0x00000000a3400000, 0x00000000a3500000, 0x00000000a3500000|100%| O|  |TAMS 0x00000000a3400000| PB 0x00000000a3400000| Untracked 
|  25|0x00000000a3500000, 0x00000000a3600000, 0x00000000a3600000|100%| O|  |TAMS 0x00000000a3500000| PB 0x00000000a3500000| Untracked 
|  26|0x00000000a3600000, 0x00000000a368a140, 0x00000000a3700000| 53%| O|  |TAMS 0x00000000a3600000| PB 0x00000000a3600000| Untracked 
|  27|0x00000000a3700000, 0x00000000a3700000, 0x00000000a3800000|  0%| F|  |TAMS 0x00000000a3700000| PB 0x00000000a3700000| Untracked 
|  28|0x00000000a3800000, 0x00000000a3900000, 0x00000000a3900000|100%| O|  |TAMS 0x00000000a3800000| PB 0x00000000a3800000| Untracked 
|  29|0x00000000a3900000, 0x00000000a3a00000, 0x00000000a3a00000|100%| S|CS|TAMS 0x00000000a3900000| PB 0x00000000a3900000| Complete 
|  30|0x00000000a3a00000, 0x00000000a3a00000, 0x00000000a3b00000|  0%| F|  |TAMS 0x00000000a3a00000| PB 0x00000000a3a00000| Untracked 
|  31|0x00000000a3b00000, 0x00000000a3b00000, 0x00000000a3c00000|  0%| F|  |TAMS 0x00000000a3b00000| PB 0x00000000a3b00000| Untracked 
|  32|0x00000000a3c00000, 0x00000000a3c00000, 0x00000000a3d00000|  0%| F|  |TAMS 0x00000000a3c00000| PB 0x00000000a3c00000| Untracked 
|  33|0x00000000a3d00000, 0x00000000a3e00000, 0x00000000a3e00000|100%| S|CS|TAMS 0x00000000a3d00000| PB 0x00000000a3d00000| Complete 
|  34|0x00000000a3e00000, 0x00000000a3e00000, 0x00000000a3f00000|  0%| F|  |TAMS 0x00000000a3e00000| PB 0x00000000a3e00000| Untracked 
|  35|0x00000000a3f00000, 0x00000000a3f00000, 0x00000000a4000000|  0%| F|  |TAMS 0x00000000a3f00000| PB 0x00000000a3f00000| Untracked 
|  36|0x00000000a4000000, 0x00000000a4000000, 0x00000000a4100000|  0%| F|  |TAMS 0x00000000a4000000| PB 0x00000000a4000000| Untracked 
|  37|0x00000000a4100000, 0x00000000a4100000, 0x00000000a4200000|  0%| F|  |TAMS 0x00000000a4100000| PB 0x00000000a4100000| Untracked 
|  38|0x00000000a4200000, 0x00000000a4200000, 0x00000000a4300000|  0%| F|  |TAMS 0x00000000a4200000| PB 0x00000000a4200000| Untracked 
|  39|0x00000000a4300000, 0x00000000a4300000, 0x00000000a4400000|  0%| F|  |TAMS 0x00000000a4300000| PB 0x00000000a4300000| Untracked 
|  40|0x00000000a4400000, 0x00000000a4400000, 0x00000000a4500000|  0%| F|  |TAMS 0x00000000a4400000| PB 0x00000000a4400000| Untracked 
|  41|0x00000000a4500000, 0x00000000a4500000, 0x00000000a4600000|  0%| F|  |TAMS 0x00000000a4500000| PB 0x00000000a4500000| Untracked 
|  42|0x00000000a4600000, 0x00000000a4600000, 0x00000000a4700000|  0%| F|  |TAMS 0x00000000a4600000| PB 0x00000000a4600000| Untracked 
|  43|0x00000000a4700000, 0x00000000a4700000, 0x00000000a4800000|  0%| F|  |TAMS 0x00000000a4700000| PB 0x00000000a4700000| Untracked 
|  64|0x00000000a5c00000, 0x00000000a5c00000, 0x00000000a5d00000|  0%| F|  |TAMS 0x00000000a5c00000| PB 0x00000000a5c00000| Untracked 
|  65|0x00000000a5d00000, 0x00000000a5d00000, 0x00000000a5e00000|  0%| F|  |TAMS 0x00000000a5d00000| PB 0x00000000a5d00000| Untracked 
|  66|0x00000000a5e00000, 0x00000000a5e00000, 0x00000000a5f00000|  0%| F|  |TAMS 0x00000000a5e00000| PB 0x00000000a5e00000| Untracked 
|  70|0x00000000a6200000, 0x00000000a62abcb8, 0x00000000a6300000| 67%| E|  |TAMS 0x00000000a6200000| PB 0x00000000a6200000| Complete 
|  71|0x00000000a6300000, 0x00000000a6400000, 0x00000000a6400000|100%| E|CS|TAMS 0x00000000a6300000| PB 0x00000000a6300000| Complete 
|  72|0x00000000a6400000, 0x00000000a6500000, 0x00000000a6500000|100%| E|CS|TAMS 0x00000000a6400000| PB 0x00000000a6400000| Complete 
|  94|0x00000000a7a00000, 0x00000000a7b00000, 0x00000000a7b00000|100%| E|CS|TAMS 0x00000000a7a00000| PB 0x00000000a7a00000| Complete 
|  95|0x00000000a7b00000, 0x00000000a7c00000, 0x00000000a7c00000|100%| E|CS|TAMS 0x00000000a7b00000| PB 0x00000000a7b00000| Complete 

Card table byte_map: [0x000001b2ffcd0000,0x000001b2fffd0000] _byte_map_base: 0x000001b2ff7c2000

Marking Bits: (CMBitMap*) 0x000001b2ff94ca20
 Bits: [0x000001b2987d0000, 0x000001b299f60000)

Polling page: 0x000001b2fec50000

Metaspace:

Usage:
  Non-class:     59.96 MB used.
      Class:      9.13 MB used.
       Both:     69.09 MB used.

Virtual space:
  Non-class space:       64.00 MB reserved,      60.31 MB ( 94%) committed,  1 nodes.
      Class space:        1.00 GB reserved,       9.44 MB ( <1%) committed,  1 nodes.
             Both:        1.06 GB reserved,      69.75 MB (  6%) committed. 

Chunk freelists:
   Non-Class:  3.52 MB
       Class:  6.51 MB
        Both:  10.03 MB

MaxMetaspaceSize: unlimited
CompressedClassSpaceSize: 1.00 GB
Initial GC threshold: 21.00 MB
Current GC threshold: 115.88 MB
CDS: on
 - commit_granule_bytes: 65536.
 - commit_granule_words: 8192.
 - virtual_space_node_default_size: 8388608.
 - enlarge_chunks_in_place: 1.
 - use_allocation_guard: 0.


Internal statistics:

num_allocs_failed_limit: 17.
num_arena_births: 1018.
num_arena_deaths: 0.
num_vsnodes_births: 2.
num_vsnodes_deaths: 0.
num_space_committed: 1116.
num_space_uncommitted: 0.
num_chunks_returned_to_freelist: 17.
num_chunks_taken_from_freelist: 3367.
num_chunk_merges: 14.
num_chunk_splits: 2437.
num_chunks_enlarged: 1886.
num_inconsistent_stats: 0.

CodeHeap 'non-profiled nmethods': size=120000Kb used=2993Kb max_used=2993Kb free=117006Kb
 bounds [0x000001b2912a0000, 0x000001b291590000, 0x000001b2987d0000]
CodeHeap 'profiled nmethods': size=120000Kb used=10818Kb max_used=10818Kb free=109181Kb
 bounds [0x000001b2897d0000, 0x000001b28a270000, 0x000001b290d00000]
CodeHeap 'non-nmethods': size=5760Kb used=1707Kb max_used=1755Kb free=4052Kb
 bounds [0x000001b290d00000, 0x000001b290f70000, 0x000001b2912a0000]
 total_blobs=6248 nmethods=5515 adapters=636
 compilation: enabled
              stopped_count=0, restarted_count=0
 full_count=0

Compilation events (20 events):
Event: 143.693 Thread 0x000001b29c419c90 nmethod 6284 0x000001b28a258e10 code [0x000001b28a2590c0, 0x000001b28a259cf0]
Event: 144.672 Thread 0x000001b29c3eb070 6285       4       java.util.ArrayDeque::pollFirst (36 bytes)
Event: 144.675 Thread 0x000001b29c3eb070 nmethod 6285 0x000001b291589910 code [0x000001b291589aa0, 0x000001b291589be0]
Event: 144.749 Thread 0x000001b29c3eb070 6286   !   4       java.io.BufferedInputStream::read (54 bytes)
Event: 144.767 Thread 0x000001b29c3eb070 nmethod 6286 0x000001b291589d10 code [0x000001b291589f40, 0x000001b29158a778]
Event: 147.701 Thread 0x000001b29c419c90 6288   !   3       sun.nio.ch.SelectorImpl::processDeregisterQueue (145 bytes)
Event: 147.704 Thread 0x000001b29c419c90 nmethod 6288 0x000001b28a25a390 code [0x000001b28a25a640, 0x000001b28a25b440]
Event: 147.704 Thread 0x000001b29c419c90 6289   !   3       org.apache.tomcat.util.net.NioEndpoint$Poller::events (266 bytes)
Event: 147.716 Thread 0x000001b29c419c90 nmethod 6289 0x000001b28a25ba90 code [0x000001b28a25be80, 0x000001b28a25d6c8]
Event: 147.716 Thread 0x000001b29c419c90 6290  s    3       org.apache.tomcat.util.collections.SynchronizedQueue::size (23 bytes)
Event: 147.717 Thread 0x000001b29c419c90 nmethod 6290 0x000001b28a25e010 code [0x000001b28a25e1c0, 0x000001b28a25e3d8]
Event: 147.717 Thread 0x000001b29c419c90 6291       1       org.apache.tomcat.util.net.SocketProperties::getTimeoutInterval (5 bytes)
Event: 147.717 Thread 0x000001b29c419c90 nmethod 6291 0x000001b29158b090 code [0x000001b29158b220, 0x000001b29158b2e8]
Event: 148.939 Thread 0x000001b29c3eb070 6292       4       java.util.TreeMap::containsKey (14 bytes)
Event: 148.961 Thread 0x000001b29c3eb070 nmethod 6292 0x000001b29158b390 code [0x000001b29158b580, 0x000001b29158bea8]
Event: 152.088 Thread 0x000001b29c419c90 6293   !   3       java.io.ObjectStreamClass::newInstance (157 bytes)
Event: 152.097 Thread 0x000001b29c419c90 nmethod 6293 0x000001b28a25e490 code [0x000001b28a25e8e0, 0x000001b28a2604d0]
Event: 153.127 Thread 0x000001b29c3eb070 6294       4       com.sun.jmx.mbeanserver.DefaultMXBeanMappingFactory$IdentityMapping::toNonNullOpenValue (2 bytes)
Event: 153.128 Thread 0x000001b29c3eb070 nmethod 6294 0x000001b29158c490 code [0x000001b29158c620, 0x000001b29158c6a8]
Event: 153.128 Thread 0x000001b29c3eb070 6295       4       java.io.ObjectOutputStream::writeClassDesc (60 bytes)

GC Heap History (20 events):
Event: 7.386 GC heap before
{Heap before GC invocations=6 (full 0):
 garbage-first heap   total 51200K, used 38651K [0x00000000a1c00000, 0x0000000100000000)
  region size 1024K, 26 young (26624K), 3 survivors (3072K)
 Metaspace       used 29766K, committed 30272K, reserved 1114112K
  class space    used 3715K, committed 3968K, reserved 1048576K
}
Event: 7.397 GC heap after
{Heap after GC invocations=7 (full 0):
 garbage-first heap   total 51200K, used 17030K [0x00000000a1c00000, 0x0000000100000000)
  region size 1024K, 3 young (3072K), 3 survivors (3072K)
 Metaspace       used 29766K, committed 30272K, reserved 1114112K
  class space    used 3715K, committed 3968K, reserved 1048576K
}
Event: 9.057 GC heap before
{Heap before GC invocations=7 (full 0):
 garbage-first heap   total 51200K, used 40582K [0x00000000a1c00000, 0x0000000100000000)
  region size 1024K, 26 young (26624K), 3 survivors (3072K)
 Metaspace       used 34413K, committed 35008K, reserved 1114112K
  class space    used 4345K, committed 4608K, reserved 1048576K
}
Event: 9.072 GC heap after
{Heap after GC invocations=8 (full 0):
 garbage-first heap   total 51200K, used 19382K [0x00000000a1c00000, 0x0000000100000000)
  region size 1024K, 4 young (4096K), 4 survivors (4096K)
 Metaspace       used 34413K, committed 35008K, reserved 1114112K
  class space    used 4345K, committed 4608K, reserved 1048576K
}
Event: 9.475 GC heap before
{Heap before GC invocations=8 (full 0):
 garbage-first heap   total 51200K, used 27574K [0x00000000a1c00000, 0x0000000100000000)
  region size 1024K, 14 young (14336K), 4 survivors (4096K)
 Metaspace       used 35873K, committed 36480K, reserved 1114112K
  class space    used 4524K, committed 4800K, reserved 1048576K
}
Event: 9.485 GC heap after
{Heap after GC invocations=9 (full 0):
 garbage-first heap   total 51200K, used 20526K [0x00000000a1c00000, 0x0000000100000000)
  region size 1024K, 1 young (1024K), 1 survivors (1024K)
 Metaspace       used 35873K, committed 36480K, reserved 1114112K
  class space    used 4524K, committed 4800K, reserved 1048576K
}
Event: 11.229 GC heap before
{Heap before GC invocations=10 (full 0):
 garbage-first heap   total 51200K, used 42030K [0x00000000a1c00000, 0x0000000100000000)
  region size 1024K, 22 young (22528K), 1 survivors (1024K)
 Metaspace       used 41087K, committed 41728K, reserved 1114112K
  class space    used 5385K, committed 5696K, reserved 1048576K
}
Event: 11.233 GC heap after
{Heap after GC invocations=11 (full 0):
 garbage-first heap   total 51200K, used 21158K [0x00000000a1c00000, 0x0000000100000000)
  region size 1024K, 2 young (2048K), 2 survivors (2048K)
 Metaspace       used 41087K, committed 41728K, reserved 1114112K
  class space    used 5385K, committed 5696K, reserved 1048576K
}
Event: 13.284 GC heap before
{Heap before GC invocations=11 (full 0):
 garbage-first heap   total 51200K, used 42662K [0x00000000a1c00000, 0x0000000100000000)
  region size 1024K, 23 young (23552K), 2 survivors (2048K)
 Metaspace       used 50694K, committed 51264K, reserved 1114112K
  class space    used 6512K, committed 6784K, reserved 1048576K
}
Event: 13.291 GC heap after
{Heap after GC invocations=12 (full 0):
 garbage-first heap   total 51200K, used 22962K [0x00000000a1c00000, 0x0000000100000000)
  region size 1024K, 3 young (3072K), 3 survivors (3072K)
 Metaspace       used 50694K, committed 51264K, reserved 1114112K
  class space    used 6512K, committed 6784K, reserved 1048576K
}
Event: 14.493 GC heap before
{Heap before GC invocations=12 (full 0):
 garbage-first heap   total 51200K, used 42418K [0x00000000a1c00000, 0x0000000100000000)
  region size 1024K, 23 young (23552K), 3 survivors (3072K)
 Metaspace       used 55419K, committed 56000K, reserved 1114112K
  class space    used 7104K, committed 7360K, reserved 1048576K
}
Event: 14.500 GC heap after
{Heap after GC invocations=13 (full 0):
 garbage-first heap   total 51200K, used 24592K [0x00000000a1c00000, 0x0000000100000000)
  region size 1024K, 2 young (2048K), 2 survivors (2048K)
 Metaspace       used 55419K, committed 56000K, reserved 1114112K
  class space    used 7104K, committed 7360K, reserved 1048576K
}
Event: 15.518 GC heap before
{Heap before GC invocations=13 (full 0):
 garbage-first heap   total 51200K, used 37904K [0x00000000a1c00000, 0x0000000100000000)
  region size 1024K, 17 young (17408K), 2 survivors (2048K)
 Metaspace       used 60355K, committed 60928K, reserved 1114112K
  class space    used 7923K, committed 8192K, reserved 1048576K
}
Event: 15.522 GC heap after
{Heap after GC invocations=14 (full 0):
 garbage-first heap   total 51200K, used 24937K [0x00000000a1c00000, 0x0000000100000000)
  region size 1024K, 2 young (2048K), 2 survivors (2048K)
 Metaspace       used 60355K, committed 60928K, reserved 1114112K
  class space    used 7923K, committed 8192K, reserved 1048576K
}
Event: 16.650 GC heap before
{Heap before GC invocations=15 (full 0):
 garbage-first heap   total 51200K, used 45417K [0x00000000a1c00000, 0x0000000100000000)
  region size 1024K, 22 young (22528K), 2 survivors (2048K)
 Metaspace       used 65094K, committed 65664K, reserved 1114112K
  class space    used 8571K, committed 8832K, reserved 1048576K
}
Event: 16.656 GC heap after
{Heap after GC invocations=16 (full 0):
 garbage-first heap   total 51200K, used 26547K [0x00000000a1c00000, 0x0000000100000000)
  region size 1024K, 3 young (3072K), 3 survivors (3072K)
 Metaspace       used 65094K, committed 65664K, reserved 1114112K
  class space    used 8571K, committed 8832K, reserved 1048576K
}
Event: 17.704 GC heap before
{Heap before GC invocations=16 (full 0):
 garbage-first heap   total 51200K, used 43955K [0x00000000a1c00000, 0x0000000100000000)
  region size 1024K, 20 young (20480K), 3 survivors (3072K)
 Metaspace       used 68352K, committed 68992K, reserved 1114112K
  class space    used 9061K, committed 9344K, reserved 1048576K
}
Event: 17.713 GC heap after
{Heap after GC invocations=17 (full 0):
 garbage-first heap   total 51200K, used 28081K [0x00000000a1c00000, 0x0000000100000000)
  region size 1024K, 3 young (3072K), 3 survivors (3072K)
 Metaspace       used 68352K, committed 68992K, reserved 1114112K
  class space    used 9061K, committed 9344K, reserved 1048576K
}
Event: 18.489 GC heap before
{Heap before GC invocations=17 (full 0):
 garbage-first heap   total 51200K, used 44465K [0x00000000a1c00000, 0x0000000100000000)
  region size 1024K, 19 young (19456K), 3 survivors (3072K)
 Metaspace       used 70373K, committed 71040K, reserved 1114112K
  class space    used 9330K, committed 9664K, reserved 1048576K
}
Event: 18.499 GC heap after
{Heap after GC invocations=18 (full 0):
 garbage-first heap   total 51200K, used 30248K [0x00000000a1c00000, 0x0000000100000000)
  region size 1024K, 2 young (2048K), 2 survivors (2048K)
 Metaspace       used 70373K, committed 71040K, reserved 1114112K
  class space    used 9330K, committed 9664K, reserved 1048576K
}

Dll operation events (13 events):
Event: 0.188 Loaded shared library C:\Program Files\Java\jdk-21\bin\java.dll
Event: 0.614 Loaded shared library C:\Program Files\Java\jdk-21\bin\jsvml.dll
Event: 1.170 Loaded shared library C:\Program Files\Java\jdk-21\bin\zip.dll
Event: 1.177 Loaded shared library C:\Program Files\Java\jdk-21\bin\instrument.dll
Event: 1.189 Loaded shared library C:\Program Files\Java\jdk-21\bin\net.dll
Event: 1.197 Loaded shared library C:\Program Files\Java\jdk-21\bin\nio.dll
Event: 1.203 Loaded shared library C:\Program Files\Java\jdk-21\bin\zip.dll
Event: 1.256 Loaded shared library C:\Program Files\Java\jdk-21\bin\jimage.dll
Event: 1.672 Loaded shared library C:\Program Files\Java\jdk-21\bin\management.dll
Event: 1.687 Loaded shared library C:\Program Files\Java\jdk-21\bin\extnet.dll
Event: 1.707 Loaded shared library C:\Program Files\Java\jdk-21\bin\management_ext.dll
Event: 5.658 Loaded shared library C:\Program Files\Java\jdk-21\bin\sunmscapi.dll
Event: 10.340 Loaded shared library C:\Program Files\Java\jdk-21\bin\verify.dll

Deoptimization events (20 events):
Event: 18.457 Thread 0x000001b2fea48360 Uncommon trap: trap_request=0xffffff45 fr.pc=0x000001b2914bf430 relative=0x0000000000000110
Event: 18.457 Thread 0x000001b2fea48360 Uncommon trap: reason=unstable_if action=reinterpret pc=0x000001b2914bf430 method=java.util.ArrayList.indexOfRange(Ljava/lang/Object;II)I @ 7 c2
Event: 18.457 Thread 0x000001b2fea48360 DEOPT PACKING pc=0x000001b2914bf430 sp=0x000000131cafec80
Event: 18.457 Thread 0x000001b2fea48360 DEOPT UNPACKING pc=0x000001b290d546a2 sp=0x000000131cafec00 mode 2
Event: 119.262 Thread 0x000001b2e3df5d60 Uncommon trap: trap_request=0xffffffbe fr.pc=0x000001b291585504 relative=0x0000000000001364
Event: 119.263 Thread 0x000001b2e3df5d60 Uncommon trap: reason=profile_predicate action=maybe_recompile pc=0x000001b291585504 method=java.util.TreeMap.put(Ljava/lang/Object;Ljava/lang/Object;Z)Ljava/lang/Object; @ 27 c2
Event: 119.263 Thread 0x000001b2e3df5d60 DEOPT PACKING pc=0x000001b291585504 sp=0x000000131e5feb10
Event: 119.264 Thread 0x000001b2e3df5d60 DEOPT UNPACKING pc=0x000001b290d546a2 sp=0x000000131e5fead0 mode 2
Event: 129.273 Thread 0x000001b2e3df5d60 Uncommon trap: trap_request=0xffffffbe fr.pc=0x000001b291585504 relative=0x0000000000001364
Event: 129.273 Thread 0x000001b2e3df5d60 Uncommon trap: reason=profile_predicate action=maybe_recompile pc=0x000001b291585504 method=java.util.TreeMap.put(Ljava/lang/Object;Ljava/lang/Object;Z)Ljava/lang/Object; @ 27 c2
Event: 129.273 Thread 0x000001b2e3df5d60 DEOPT PACKING pc=0x000001b291585504 sp=0x000000131e5feb10
Event: 129.273 Thread 0x000001b2e3df5d60 DEOPT UNPACKING pc=0x000001b290d546a2 sp=0x000000131e5fead0 mode 2
Event: 139.277 Thread 0x000001b2e3df5d60 Uncommon trap: trap_request=0xffffffbe fr.pc=0x000001b291585504 relative=0x0000000000001364
Event: 139.277 Thread 0x000001b2e3df5d60 Uncommon trap: reason=profile_predicate action=maybe_recompile pc=0x000001b291585504 method=java.util.TreeMap.put(Ljava/lang/Object;Ljava/lang/Object;Z)Ljava/lang/Object; @ 27 c2
Event: 139.277 Thread 0x000001b2e3df5d60 DEOPT PACKING pc=0x000001b291585504 sp=0x000000131e5feb10
Event: 139.277 Thread 0x000001b2e3df5d60 DEOPT UNPACKING pc=0x000001b290d546a2 sp=0x000000131e5fead0 mode 2
Event: 149.278 Thread 0x000001b2e3df84c0 Uncommon trap: trap_request=0xffffffbe fr.pc=0x000001b291585504 relative=0x0000000000001364
Event: 149.278 Thread 0x000001b2e3df84c0 Uncommon trap: reason=profile_predicate action=maybe_recompile pc=0x000001b291585504 method=java.util.TreeMap.put(Ljava/lang/Object;Ljava/lang/Object;Z)Ljava/lang/Object; @ 27 c2
Event: 149.278 Thread 0x000001b2e3df84c0 DEOPT PACKING pc=0x000001b291585504 sp=0x000000131e4fe720
Event: 149.278 Thread 0x000001b2e3df84c0 DEOPT UNPACKING pc=0x000001b290d546a2 sp=0x000000131e4fe6e0 mode 2

Classes loaded (20 events):
Event: 18.430 Loading class java/nio/BufferMismatch
Event: 18.430 Loading class java/nio/BufferMismatch done
Event: 18.431 Loading class sun/nio/ch/SourceChannelImpl
Event: 18.431 Loading class java/nio/channels/Pipe$SourceChannel
Event: 18.431 Loading class java/nio/channels/Pipe$SourceChannel done
Event: 18.431 Loading class sun/nio/ch/SourceChannelImpl done
Event: 18.432 Loading class sun/nio/ch/SinkChannelImpl
Event: 18.433 Loading class java/nio/channels/Pipe$SinkChannel
Event: 18.433 Loading class java/nio/channels/Pipe$SinkChannel done
Event: 18.433 Loading class sun/nio/ch/SinkChannelImpl done
Event: 18.436 Loading class java/nio/channels/spi/AbstractSelector$1
Event: 18.436 Loading class java/nio/channels/spi/AbstractSelector$1 done
Event: 18.439 Loading class java/util/TreeMap$ValueSpliterator
Event: 18.439 Loading class java/util/TreeMap$TreeMapSpliterator
Event: 18.440 Loading class java/util/TreeMap$TreeMapSpliterator done
Event: 18.440 Loading class java/util/TreeMap$ValueSpliterator done
Event: 18.515 Loading class java/util/IdentityHashMap$KeySpliterator
Event: 18.515 Loading class java/util/IdentityHashMap$IdentityHashMapSpliterator
Event: 18.515 Loading class java/util/IdentityHashMap$IdentityHashMapSpliterator done
Event: 18.515 Loading class java/util/IdentityHashMap$KeySpliterator done

Classes unloaded (0 events):
No events

Classes redefined (0 events):
No events

Internal exceptions (20 events):
Event: 15.909 Thread 0x000001b2fea48360 Exception <a 'java/lang/NoSuchMethodError'{0x00000000a5c47e30}: 'java.lang.Object java.lang.invoke.DirectMethodHandle$Holder.newInvokeSpecial(java.lang.Object, java.lang.Object, java.lang.Object, java.lang.Object, java.lang.Object, java.lang.Object)'> (0x00000000a5c47e30) 
thrown [s\open\src\hotspot\share\interpreter\linkResolver.cpp, line 773]
Event: 15.949 Thread 0x000001b2fea48360 Exception <a 'java/lang/NoSuchMethodError'{0x00000000a5cb7320}: 'java.lang.Object java.lang.invoke.DirectMethodHandle$Holder.newInvokeSpecial(java.lang.Object, java.lang.Object, java.lang.Object, java.lang.Object, java.lang.Object, java.lang.Object, java.lang.Object, int)'> (0x00000000a5cb7320) 
thrown [s\open\src\hotspot\share\interpreter\linkResolver.cpp, line 773]
Event: 15.950 Thread 0x000001b2fea48360 Exception <a 'java/lang/NoSuchMethodError'{0x00000000a5cbb890}: 'java.lang.Object java.lang.invoke.DirectMethodHandle$Holder.invokeSpecial(java.lang.Object, java.lang.Object, java.lang.Object, java.lang.Object, java.lang.Object, java.lang.Object, java.lang.Object, java.lang.Object, int)'> (0x00000000a5cbb890) 
thrown [s\open\src\hotspot\share\interpreter\linkResolver.cpp, line 773]
Event: 15.950 Thread 0x000001b2fea48360 Exception <a 'java/lang/NoSuchMethodError'{0x00000000a5cbf8b8}: 'java.lang.Object java.lang.invoke.Invokers$Holder.linkToTargetMethod(java.lang.Object, java.lang.Object, java.lang.Object, java.lang.Object, java.lang.Object, java.lang.Object, int, java.lang.Object)'> (0x00000000a5cbf8b8) 
thrown [s\open\src\hotspot\share\interpreter\linkResolver.cpp, line 773]
Event: 15.993 Thread 0x000001b2fea48360 Exception <a 'java/lang/NoSuchMethodError'{0x00000000a4588660}: 'void java.lang.invoke.DirectMethodHandle$Holder.invokeInterface(java.lang.Object, java.lang.Object)'> (0x00000000a4588660) 
thrown [s\open\src\hotspot\share\interpreter\linkResolver.cpp, line 773]
Event: 16.298 Thread 0x000001b2fea48360 Exception <a 'java/lang/NoSuchMethodError'{0x00000000a410bc88}: 'void java.lang.invoke.Invokers$Holder.invokeExact_MT(java.lang.Object, java.lang.Object, java.lang.Object, java.lang.Object)'> (0x00000000a410bc88) 
thrown [s\open\src\hotspot\share\interpreter\linkResolver.cpp, line 773]
Event: 16.341 Thread 0x000001b2fea48360 Implicit null exception at 0x000001b2914e3677 to 0x000001b2914e38e0
Event: 16.407 Thread 0x000001b2fea48360 Exception <a 'java/lang/IncompatibleClassChangeError'{0x00000000a3cced00}: Found class java.lang.Object, but interface was expected> (0x00000000a3cced00) 
thrown [s\open\src\hotspot\share\interpreter\linkResolver.cpp, line 840]
Event: 16.447 Thread 0x000001b2fea48360 Exception <a 'java/lang/IncompatibleClassChangeError'{0x00000000a3b5c308}: Found class java.lang.Object, but interface was expected> (0x00000000a3b5c308) 
thrown [s\open\src\hotspot\share\interpreter\linkResolver.cpp, line 840]
Event: 16.564 Thread 0x000001b2fea48360 Exception <a 'java/lang/IncompatibleClassChangeError'{0x00000000a3aca698}: Found class java.lang.Object, but interface was expected> (0x00000000a3aca698) 
thrown [s\open\src\hotspot\share\interpreter\linkResolver.cpp, line 840]
Event: 16.830 Thread 0x000001b2fea48360 Exception <a 'java/lang/IncompatibleClassChangeError'{0x00000000a63f3cd8}: Found class java.lang.Object, but interface was expected> (0x00000000a63f3cd8) 
thrown [s\open\src\hotspot\share\interpreter\linkResolver.cpp, line 840]
Event: 17.073 Thread 0x000001b2fea48360 Exception <a 'java/lang/IncompatibleClassChangeError'{0x00000000a5dba808}: Found class java.lang.Object, but interface was expected> (0x00000000a5dba808) 
thrown [s\open\src\hotspot\share\interpreter\linkResolver.cpp, line 840]
Event: 17.347 Thread 0x000001b2fea48360 Exception <a 'java/lang/NoSuchMethodError'{0x00000000a4358140}: 'java.lang.Object java.lang.invoke.DirectMethodHandle$Holder.invokeInterface(java.lang.Object, java.lang.Object, java.lang.Object, java.lang.Object)'> (0x00000000a4358140) 
thrown [s\open\src\hotspot\share\interpreter\linkResolver.cpp, line 773]
Event: 17.392 Thread 0x000001b2fea48360 Exception <a 'java/lang/NoSuchMethodError'{0x00000000a428c270}: 'java.lang.Object java.lang.invoke.DirectMethodHandle$Holder.newInvokeSpecial(java.lang.Object, java.lang.Object, java.lang.Object, java.lang.Object, java.lang.Object, java.lang.Object, java.lang.Object, java.lang.Object)'> (0x00000000a428c270) 
thrown [s\open\src\hotspot\share\interpreter\linkResolver.cpp, line 773]
Event: 17.915 Thread 0x000001b2fea48360 Exception <a 'java/lang/IncompatibleClassChangeError'{0x00000000a62d1398}: Found class java.lang.Object, but interface was expected> (0x00000000a62d1398) 
thrown [s\open\src\hotspot\share\interpreter\linkResolver.cpp, line 840]
Event: 17.941 Thread 0x000001b2fea48360 Implicit null exception at 0x000001b2913be348 to 0x000001b2913be404
Event: 17.976 Thread 0x000001b2fea48360 Exception <a 'java/lang/NoSuchMethodError'{0x00000000a5d5b6f0}: 'void java.lang.invoke.DirectMethodHandle$Holder.invokeVirtual(java.lang.Object, java.lang.Object, long)'> (0x00000000a5d5b6f0) 
thrown [s\open\src\hotspot\share\interpreter\linkResolver.cpp, line 773]
Event: 18.081 Thread 0x000001b2fea48360 Exception <a 'java/lang/NoSuchMethodError'{0x00000000a44b1f08}: 'int java.lang.invoke.DirectMethodHandle$Holder.invokeStaticInit(java.lang.Object, java.lang.Object, java.lang.Object, java.lang.Object)'> (0x00000000a44b1f08) 
thrown [s\open\src\hotspot\share\interpreter\linkResolver.cpp, line 773]
Event: 18.112 Thread 0x000001b2fea48360 Exception <a 'java/lang/IncompatibleClassChangeError'{0x00000000a43881d8}: Found class java.lang.Object, but interface was expected> (0x00000000a43881d8) 
thrown [s\open\src\hotspot\share\interpreter\linkResolver.cpp, line 840]
Event: 18.344 Thread 0x000001b2fea48360 Exception <a 'java/lang/NoSuchMethodError'{0x00000000a3fb99a8}: 'java.lang.Object java.lang.invoke.DirectMethodHandle$Holder.newInvokeSpecial(java.lang.Object, java.lang.Object, int, java.lang.Object, java.lang.Object)'> (0x00000000a3fb99a8) 
thrown [s\open\src\hotspot\share\interpreter\linkResolver.cpp, line 773]

ZGC Phase Switch (0 events):
No events

VM Operations (20 events):
Event: 73.532 Executing VM operation: Cleanup
Event: 73.532 Executing VM operation: Cleanup done
Event: 86.642 Executing VM operation: Cleanup
Event: 86.642 Executing VM operation: Cleanup done
Event: 88.650 Executing VM operation: Cleanup
Event: 88.650 Executing VM operation: Cleanup done
Event: 93.693 Executing VM operation: Cleanup
Event: 93.693 Executing VM operation: Cleanup done
Event: 97.723 Executing VM operation: Cleanup
Event: 97.723 Executing VM operation: Cleanup done
Event: 101.752 Executing VM operation: Cleanup
Event: 101.752 Executing VM operation: Cleanup done
Event: 119.919 Executing VM operation: Cleanup
Event: 119.919 Executing VM operation: Cleanup done
Event: 139.041 Executing VM operation: Cleanup
Event: 139.041 Executing VM operation: Cleanup done
Event: 146.094 Executing VM operation: Cleanup
Event: 146.095 Executing VM operation: Cleanup done
Event: 150.137 Executing VM operation: Cleanup
Event: 150.137 Executing VM operation: Cleanup done

Events (20 events):
Event: 18.575 Thread 0x000001b29c3c9290 flushing nmethod 0x000001b289a8ed90
Event: 18.575 Thread 0x000001b29c3c9290 flushing nmethod 0x000001b289a90210
Event: 18.575 Thread 0x000001b29c3c9290 flushing nmethod 0x000001b289ab6010
Event: 18.575 Thread 0x000001b29c3c9290 flushing nmethod 0x000001b289aba610
Event: 18.575 Thread 0x000001b29c3c9290 flushing nmethod 0x000001b289ad0f10
Event: 18.575 Thread 0x000001b29c3c9290 flushing nmethod 0x000001b289b3f310
Event: 18.575 Thread 0x000001b29c3c9290 flushing nmethod 0x000001b289b40790
Event: 18.575 Thread 0x000001b29c3c9290 flushing nmethod 0x000001b289b53d10
Event: 18.575 Thread 0x000001b29c3c9290 flushing nmethod 0x000001b289b78c90
Event: 18.575 Thread 0x000001b29c3c9290 flushing nmethod 0x000001b289bb5c90
Event: 18.575 Thread 0x000001b29c3c9290 flushing nmethod 0x000001b289bee410
Event: 18.575 Thread 0x000001b29c3c9290 flushing nmethod 0x000001b289ec9e90
Event: 18.575 Thread 0x000001b29c3c9290 flushing nmethod 0x000001b289eca690
Event: 18.575 Thread 0x000001b29c3c9290 flushing nmethod 0x000001b289ecda10
Event: 18.575 Thread 0x000001b29c3c9290 flushing nmethod 0x000001b289f17f90
Event: 18.575 Thread 0x000001b29c3c9290 flushing nmethod 0x000001b289f21210
Event: 18.575 Thread 0x000001b29c3c9290 flushing nmethod 0x000001b289ff9510
Event: 18.575 Thread 0x000001b29c3c9290 flushing nmethod 0x000001b28a06be90
Event: 18.575 Thread 0x000001b29c3c9290 flushing nmethod 0x000001b28a06c490
Event: 19.368 Thread 0x000001b2e3df5040 Thread exited: 0x000001b2e3df5040


Dynamic libraries:
0x00007ff732190000 - 0x00007ff7321a0000 	C:\Program Files\Java\jdk-21\bin\java.exe
0x00007fff8b910000 - 0x00007fff8bb08000 	C:\Windows\SYSTEM32\ntdll.dll
0x00007fff8b090000 - 0x00007fff8b152000 	C:\Windows\System32\KERNEL32.DLL
0x00007fff893f0000 - 0x00007fff896e6000 	C:\Windows\System32\KERNELBASE.dll
0x00007fff892f0000 - 0x00007fff893f0000 	C:\Windows\System32\ucrtbase.dll
0x00007fff839f0000 - 0x00007fff83a09000 	C:\Program Files\Java\jdk-21\bin\jli.dll
0x00007fff8a620000 - 0x00007fff8a6d1000 	C:\Windows\System32\ADVAPI32.dll
0x00007fff8a320000 - 0x00007fff8a3be000 	C:\Windows\System32\msvcrt.dll
0x00007fff89990000 - 0x00007fff89a2f000 	C:\Windows\System32\sechost.dll
0x00007fff8a4a0000 - 0x00007fff8a5c0000 	C:\Windows\System32\RPCRT4.dll
0x00007fff891a0000 - 0x00007fff891c7000 	C:\Windows\System32\bcrypt.dll
0x00007fff8a0e0000 - 0x00007fff8a281000 	C:\Windows\System32\USER32.dll
0x00007fff89020000 - 0x00007fff89042000 	C:\Windows\System32\win32u.dll
0x00007fff89b90000 - 0x00007fff89bbb000 	C:\Windows\System32\GDI32.dll
0x00007fff891d0000 - 0x00007fff892e9000 	C:\Windows\System32\gdi32full.dll
0x00007fff89100000 - 0x00007fff8919d000 	C:\Windows\System32\msvcp_win.dll
0x00007fff828b0000 - 0x00007fff828cb000 	C:\Program Files\Java\jdk-21\bin\VCRUNTIME140.dll
0x00007fff7dee0000 - 0x00007fff7deea000 	C:\Windows\SYSTEM32\VERSION.dll
0x00007fff780b0000 - 0x00007fff7834b000 	C:\Windows\WinSxS\amd64_microsoft.windows.common-controls_6595b64144ccf1df_6.0.19041.6456_none_60b8a6cb71f64256\COMCTL32.dll
0x00007fff89a30000 - 0x00007fff89a5f000 	C:\Windows\System32\IMM32.DLL
0x00007fff85830000 - 0x00007fff8583c000 	C:\Program Files\Java\jdk-21\bin\vcruntime140_1.dll
0x00007fff82040000 - 0x00007fff820ce000 	C:\Program Files\Java\jdk-21\bin\msvcp140.dll
0x00007fff4f5d0000 - 0x00007fff502ea000 	C:\Program Files\Java\jdk-21\bin\server\jvm.dll
0x00007fff8a3d0000 - 0x00007fff8a43b000 	C:\Windows\System32\WS2_32.dll
0x00007fff88e00000 - 0x00007fff88e4b000 	C:\Windows\SYSTEM32\POWRPROF.dll
0x00007fff7deb0000 - 0x00007fff7ded7000 	C:\Windows\SYSTEM32\WINMM.dll
0x00007fff88de0000 - 0x00007fff88df2000 	C:\Windows\SYSTEM32\UMPDC.dll
0x00007fff86dd0000 - 0x00007fff86de2000 	C:\Windows\SYSTEM32\kernel.appcore.dll
0x00007fff83e70000 - 0x00007fff83e7a000 	C:\Program Files\Java\jdk-21\bin\jimage.dll
0x00007fff7f560000 - 0x00007fff7f761000 	C:\Windows\SYSTEM32\DBGHELP.DLL
0x00007fff73860000 - 0x00007fff73894000 	C:\Windows\SYSTEM32\dbgcore.DLL
0x00007fff898a0000 - 0x00007fff89922000 	C:\Windows\System32\bcryptPrimitives.dll
0x00007fff839a0000 - 0x00007fff839af000 	C:\Program Files\Java\jdk-21\bin\instrument.dll
0x00007fff81e40000 - 0x00007fff81e5f000 	C:\Program Files\Java\jdk-21\bin\java.dll
0x00007fff8a6e0000 - 0x00007fff8ae50000 	C:\Windows\System32\SHELL32.dll
0x00007fff86fd0000 - 0x00007fff87775000 	C:\Windows\SYSTEM32\windows.storage.dll
0x00007fff89bc0000 - 0x00007fff89f14000 	C:\Windows\System32\combase.dll
0x00007fff888f0000 - 0x00007fff8891b000 	C:\Windows\SYSTEM32\Wldp.dll
0x00007fff8b380000 - 0x00007fff8b44d000 	C:\Windows\System32\OLEAUT32.dll
0x00007fff89f20000 - 0x00007fff89fcd000 	C:\Windows\System32\SHCORE.dll
0x00007fff8a440000 - 0x00007fff8a49b000 	C:\Windows\System32\shlwapi.dll
0x00007fff88ed0000 - 0x00007fff88ef4000 	C:\Windows\SYSTEM32\profapi.dll
0x00007fff6b910000 - 0x00007fff6b9e7000 	C:\Program Files\Java\jdk-21\bin\jsvml.dll
0x00007fff823d0000 - 0x00007fff823e8000 	C:\Program Files\Java\jdk-21\bin\zip.dll
0x00007fff82dd0000 - 0x00007fff82de0000 	C:\Program Files\Java\jdk-21\bin\net.dll
0x00007fff7e650000 - 0x00007fff7e75a000 	C:\Windows\SYSTEM32\WINHTTP.dll
0x00007fff88650000 - 0x00007fff886ba000 	C:\Windows\system32\mswsock.dll
0x00007fff79490000 - 0x00007fff794a6000 	C:\Program Files\Java\jdk-21\bin\nio.dll
0x00007fff88350000 - 0x00007fff8841a000 	C:\Windows\SYSTEM32\DNSAPI.dll
0x00007fff88310000 - 0x00007fff8834b000 	C:\Windows\SYSTEM32\IPHLPAPI.DLL
0x00007fff8a310000 - 0x00007fff8a318000 	C:\Windows\System32\NSI.dll
0x00007fff7b7f0000 - 0x00007fff7b7fa000 	C:\Windows\System32\rasadhlp.dll
0x00007fff7b880000 - 0x00007fff7b900000 	C:\Windows\System32\fwpuclnt.dll
0x00007fff82030000 - 0x00007fff8203a000 	C:\Program Files\Java\jdk-21\bin\management.dll
0x00007fff7ada0000 - 0x00007fff7ada9000 	C:\Program Files\Java\jdk-21\bin\extnet.dll
0x00007fff7ad90000 - 0x00007fff7ad9b000 	C:\Program Files\Java\jdk-21\bin\management_ext.dll
0x00007fff8b8c0000 - 0x00007fff8b8c8000 	C:\Windows\System32\PSAPI.DLL
0x00007fff88840000 - 0x00007fff88858000 	C:\Windows\SYSTEM32\CRYPTSP.dll
0x00007fff87f40000 - 0x00007fff87f78000 	C:\Windows\system32\rsaenh.dll
0x00007fff88e50000 - 0x00007fff88e7e000 	C:\Windows\SYSTEM32\USERENV.dll
0x00007fff88860000 - 0x00007fff8886c000 	C:\Windows\SYSTEM32\CRYPTBASE.dll
0x00007fff67a30000 - 0x00007fff67a47000 	C:\Windows\system32\napinsp.dll
0x00007fff67a10000 - 0x00007fff67a2b000 	C:\Windows\system32\pnrpnsp.dll
0x00007fff85990000 - 0x00007fff859ad000 	C:\Windows\system32\wshbth.dll
0x00007fff83910000 - 0x00007fff8392d000 	C:\Windows\system32\NLAapi.dll
0x00007fff679f0000 - 0x00007fff67a02000 	C:\Windows\System32\winrnr.dll
0x00007fff74cf0000 - 0x00007fff74d41000 	C:\Windows\SYSTEM32\pdh.dll
0x00007fff83940000 - 0x00007fff8394f000 	C:\Windows\System32\perfproc.dll
0x00007fff7ad80000 - 0x00007fff7ad8e000 	C:\Program Files\Java\jdk-21\bin\sunmscapi.dll
0x00007fff896f0000 - 0x00007fff8984d000 	C:\Windows\System32\CRYPT32.dll
0x00007fff88960000 - 0x00007fff88987000 	C:\Windows\SYSTEM32\ncrypt.dll
0x00007fff88920000 - 0x00007fff8895b000 	C:\Windows\SYSTEM32\NTASN1.dll
0x00007fff7ad70000 - 0x00007fff7ad80000 	C:\Program Files\Java\jdk-21\bin\verify.dll
0x00007fff85820000 - 0x00007fff85827000 	C:\Windows\system32\wshunix.dll

dbghelp: loaded successfully - version: 4.0.5 - missing functions: none
symbol engine: initialized successfully - sym options: 0x614 - pdb path: .;C:\Program Files\Java\jdk-21\bin;C:\Windows\SYSTEM32;C:\Windows\WinSxS\amd64_microsoft.windows.common-controls_6595b64144ccf1df_6.0.19041.6456_none_60b8a6cb71f64256;C:\Program Files\Java\jdk-21\bin\server

VM Arguments:
jvm_args: -javaagent:C:\Program Files\JetBrains\IntelliJ IDEA 2025.1.3\lib\idea_rt.jar=58001 -Dfile.encoding=UTF-8 -Dsun.stdout.encoding=UTF-8 -Dsun.stderr.encoding=UTF-8 
java_command: com.nguyenngocquyet.duancuatoi.DuancuatoiApplication
java_class_path (initial): C:\Users\NNQ\Desktop\duancuatoi\target\classes;C:\Users\NNQ\.m2\repository\org\springframework\boot\spring-boot-starter-web\3.3.2\spring-boot-starter-web-3.3.2.jar;C:\Users\NNQ\.m2\repository\org\springframework\boot\spring-boot-starter\3.3.2\spring-boot-starter-3.3.2.jar;C:\Users\NNQ\.m2\repository\org\springframework\boot\spring-boot\3.3.2\spring-boot-3.3.2.jar;C:\Users\NNQ\.m2\repository\org\springframework\boot\spring-boot-autoconfigure\3.3.2\spring-boot-autoconfigure-3.3.2.jar;C:\Users\NNQ\.m2\repository\org\springframework\boot\spring-boot-starter-logging\3.3.2\spring-boot-starter-logging-3.3.2.jar;C:\Users\NNQ\.m2\repository\ch\qos\logback\logback-classic\1.5.6\logback-classic-1.5.6.jar;C:\Users\NNQ\.m2\repository\ch\qos\logback\logback-core\1.5.6\logback-core-1.5.6.jar;C:\Users\NNQ\.m2\repository\org\apache\logging\log4j\log4j-to-slf4j\2.23.1\log4j-to-slf4j-2.23.1.jar;C:\Users\NNQ\.m2\repository\org\apache\logging\log4j\log4j-api\2.23.1\log4j-api-2.23.1.jar;C:\Users\NNQ\.m2\repository\org\slf4j\jul-to-slf4j\2.0.13\jul-to-slf4j-2.0.13.jar;C:\Users\NNQ\.m2\repository\jakarta\annotation\jakarta.annotation-api\2.1.1\jakarta.annotation-api-2.1.1.jar;C:\Users\NNQ\.m2\repository\org\yaml\snakeyaml\2.2\snakeyaml-2.2.jar;C:\Users\NNQ\.m2\repository\org\springframework\boot\spring-boot-starter-json\3.3.2\spring-boot-starter-json-3.3.2.jar;C:\Users\NNQ\.m2\repository\com\fasterxml\jackson\core\jackson-databind\2.17.2\jackson-databind-2.17.2.jar;C:\Users\NNQ\.m2\repository\com\fasterxml\jackson\core\jackson-annotations\2.17.2\jackson-annotations-2.17.2.jar;C:\Users\NNQ\.m2\repository\com\fasterxml\jackson\core\jackson-core\2.17.2\jackson-core-2.17.2.jar;C:\Users\NNQ\.m2\repository\com\fasterxml\jackson\datatype\jackson-datatype-jdk8\2.17.2\jackson-datatype-jdk8-2.17.2.jar;C:\Users\NNQ\.m2\repository\com\fasterxml\jackson\datatype\jackson-datatype-jsr310\2.17.2\jackson-datatype-jsr310-2.17.2.jar;C:\Users\NNQ\.m2\repository\com\fasterxml\jackson\module\jackson-module-parameter-names\2.17.2\jackson-module-parameter-names-2.17.2.jar;C:\Users\NNQ\.m2\repository\org\springframework\boot\spring-boot-starter-tomcat\3.3.2\spring-boot-starter-tomcat-3.3.2.jar;C:\Users\NNQ\.m2\repository\org\apache\tomcat\embed\tomcat-embed-core\10.1.26\tomcat-embed-core-10.1.26.jar;C:\Users\NNQ\.m2\repository\org\apache\tomcat\embed\tomcat-embed-websocket\10.1.26\tomcat-embed-websocket-10.1.26.jar;C:\Users\NNQ\.m2\repository\org\springframework\spring-web\6.1.11\spring-web-6.1.11.jar;C:\Users\NNQ\.m2\repository\org\springframework\spring-beans\6.1.11\spring-beans-6.1.11.jar;C:\Users\NNQ\.m2\repository\io\micrometer\micrometer-observation\1.13.2\micrometer-observation-1.13.2.jar;C:\Users\NNQ\.m2\repository\io\micrometer\micrometer-commons\1.13.2\micrometer-commons-1.13.2.jar;C:\Users\NNQ\.m2\repository\org\springframework\spring-webmvc\6.1.11\spring-webmvc-6.1.11.jar;C:\Users\NNQ\.m2\repository\org\springframework\spring-aop\6.1.11\spring-aop-6.1.11.jar;C:\Users\NNQ\.m2\repository\org\springframework\spring-context\6.1.11\spring-context-6.1.11.jar;C:\Users\NNQ\.m2\repository\org\springframework\spring-expression\6.1.11\spring-expression-6.1.11.jar;C:\Users\NNQ\.m2\repository\org\springframework\boot\spring-boot-starter-validation\3.3.2\spring-boot-starter-validation-3.3.2.jar;C:\Users\NNQ\.m2\repository\org\apache\tomcat\embed\tomcat-embed-el\10.1.26\tomcat-embed-el-10.1.26.jar;C:\Users\NNQ\.m2\repository\org\hibernate\validator\hibernate-validator\8.0.1.Final\hibernate-validator-8.0.1.Final.jar;C:\Users\NNQ\.m2\repository\jakarta\validation\jakarta.validation-api\3.0.2\jakarta.validation-api-3.0.2.jar;C:\Users\NNQ\.m2\repository\org\jboss\logging\jboss-logging\3.5.3.Final\jboss-logging-3.5.3.Final.jar;C:\Users\NNQ\.m2\repository\com\fasterxml\classmate\1.7.0\classmate-1.7.0.jar;C:\Users\NNQ\.m2\repository\org\slf4j\slf4j-api\2.0.13\slf4j-api-2.0.13.jar;C:\Users\NNQ\.m2\repository\jakarta\xml\bind\jakarta.xml.bind-api\4.0.2\jakarta.xml.bind-api-4.0.2.jar;C:\Users\NNQ\.m2\repository\jakarta\activation\jakarta.activation-api\2.1.3\jakarta.activation-api-2.1.3.jar;C:\Users\NNQ\.m2\repository\net\bytebuddy\byte-buddy\1.14.18\byte-buddy-1.14.18.jar;C:\Users\NNQ\.m2\repository\org\springframework\spring-core\6.1.11\spring-core-6.1.11.jar;C:\Users\NNQ\.m2\repository\org\springframework\spring-jcl\6.1.11\spring-jcl-6.1.11.jar;C:\Users\NNQ\.m2\repository\org\springframework\boot\spring-boot-starter-data-jpa\3.3.2\spring-boot-starter-data-jpa-3.3.2.jar;C:\Users\NNQ\.m2\repository\org\springframework\boot\spring-boot-starter-aop\3.3.2\spring-boot-starter-aop-3.3.2.jar;C:\Users\NNQ\.m2\repository\org\aspectj\aspectjweaver\1.9.22.1\aspectjweaver-1.9.22.1.jar;C:\Users\NNQ\.m2\repository\org\springframework\boot\spring-boot-starter-jdbc\3.3.2\spring-boot-starter-jdbc-3.3.2.jar;C:\Users\NNQ\.m2\repository\com\zaxxer\HikariCP\5.1.0\HikariCP-5.1.0.jar;C:\Users\NNQ\.m2\repository\org\springframework\spring-jdbc\6.1.11\spring-jdbc-6.1.11.jar;C:\Users\NNQ\.m2\repository\org\hibernate\orm\hibernate-core\6.5.2.Final\hibernate-core-6.5.2.Final.jar;C:\Users\NNQ\.m2\repository\jakarta\persistence\jakarta.persistence-api\3.1.0\jakarta.persistence-api-3.1.0.jar;C:\Users\NNQ\.m2\repository\jakarta\transaction\jakarta.transaction-api\2.0.1\jakarta.transaction-api-2.0.1.jar;C:\Users\NNQ\.m2\repository\org\hibernate\common\hibernate-commons-annotations\6.0.6.Final\hibernate-commons-annotations-6.0.6.Final.jar;C:\Users\NNQ\.m2\repository\io\smallrye\jandex\3.1.2\jandex-3.1.2.jar;C:\Users\NNQ\.m2\repository\org\glassfish\jaxb\jaxb-runtime\4.0.5\jaxb-runtime-4.0.5.jar;C:\Users\NNQ\.m2\repository\org\glassfish\jaxb\jaxb-core\4.0.5\jaxb-core-4.0.5.jar;C:\Users\NNQ\.m2\repository\org\eclipse\angus\angus-activation\2.0.2\angus-activation-2.0.2.jar;C:\Users\NNQ\.m2\repository\org\glassfish\jaxb\txw2\4.0.5\txw2-4.0.5.jar;C:\Users\NNQ\.m2\repository\com\sun\istack\istack-commons-runtime\4.1.2\istack-commons-runtime-4.1.2.jar;C:\Users\NNQ\.m2\repository\jakarta\inject\jakarta.inject-api\2.0.1\jakarta.inject-api-2.0.1.jar;C:\Users\NNQ\.m2\repository\org\antlr\antlr4-runtime\4.13.0\antlr4-runtime-4.13.0.jar;C:\Users\NNQ\.m2\repository\org\springframework\data\spring-data-jpa\3.3.2\spring-data-jpa-3.3.2.jar;C:\Users\NNQ\.m2\repository\org\springframework\data\spring-data-commons\3.3.2\spring-data-commons-3.3.2.jar;C:\Users\NNQ\.m2\repository\org\springframework\spring-orm\6.1.11\spring-orm-6.1.11.jar;C:\Users\NNQ\.m2\repository\org\springframework\spring-tx\6.1.11\spring-tx-6.1.11.jar;C:\Users\NNQ\.m2\repository\org\springframework\spring-aspects\6.1.11\spring-aspects-6.1.11.jar;C:\Users\NNQ\.m2\repository\com\mysql\mysql-connector-j\8.3.0\mysql-connector-j-8.3.0.jar;C:\Users\NNQ\.m2\repository\org\mapstruct\mapstruct\1.5.5.Final\mapstruct-1.5.5.Final.jar
Launcher Type: SUN_STANDARD

[Global flags]
     intx CICompilerCount                          = 3                                         {product} {ergonomic}
     uint ConcGCThreads                            = 1                                         {product} {ergonomic}
     uint G1ConcRefinementThreads                  = 4                                         {product} {ergonomic}
   size_t G1HeapRegionSize                         = 1048576                                   {product} {ergonomic}
    uintx GCDrainStackTargetSize                   = 64                                        {product} {ergonomic}
   size_t InitialHeapSize                          = 100663296                                 {product} {ergonomic}
   size_t MarkStackSize                            = 4194304                                   {product} {ergonomic}
   size_t MaxHeapSize                              = 1581252608                                {product} {ergonomic}
   size_t MaxNewSize                               = 947912704                                 {product} {ergonomic}
   size_t MinHeapDeltaBytes                        = 1048576                                   {product} {ergonomic}
   size_t MinHeapSize                              = 8388608                                   {product} {ergonomic}
    uintx NonNMethodCodeHeapSize                   = 5832780                                {pd product} {ergonomic}
    uintx NonProfiledCodeHeapSize                  = 122912730                              {pd product} {ergonomic}
    uintx ProfiledCodeHeapSize                     = 122912730                              {pd product} {ergonomic}
    uintx ReservedCodeCacheSize                    = 251658240                              {pd product} {ergonomic}
     bool SegmentedCodeCache                       = true                                      {product} {ergonomic}
   size_t SoftMaxHeapSize                          = 1581252608                             {manageable} {ergonomic}
     bool UseCompressedOops                        = true                           {product lp64_product} {ergonomic}
     bool UseG1GC                                  = true                                      {product} {ergonomic}
     bool UseLargePagesIndividualAllocation        = false                                  {pd product} {ergonomic}

Logging:
Log output configuration:
 #0: stdout all=warning uptime,level,tags foldmultilines=false
 #1: stderr all=off uptime,level,tags foldmultilines=false

Environment Variables:
JAVA_HOME=C:\Program Files\Java\jdk-21
PATH=C:\Program Files (x86)\VMware\VMware Workstation\bin\;C:\Program Files\Common Files\Oracle\Java\javapath;C:\Program Files\Microsoft MPI\Bin\;%System;oot%\system32;C:\Windows;C:\Windows\System32\Wbem;C:\Windows\System32\WindowsPowerShell\v1.0\;C:\Windows\System32\OpenSSH\;C:\Program Files\Microsoft SQL Server\Client SDK\ODBC\170\Tools\Binn\;C:\Program Files\Azure Data Studio\bin;C:\Program Files\Git\cmd;C:\Program Files (x86)\Microsoft SQL Server\160\Tools\Binn\;C:\Program Files\Microsoft SQL Server\160\Tools\Binn\;C:\Program Files\Microsoft SQL Server\160\DTS\Binn\;C:\Windows\System32;C:\Program Files\Microsoft SQL Server\150\Tools\Binn\;C:\Program Files\Microsoft SQL Server\130\Tools\Binn\;C:\Maven\apache-maven-3.9.11\bin;;C:\Program Files\Docker\Docker\resources\bin;C:\Program Files\nodejs\;%PATH:C:\Users\NNQ\AppData\Roaming\npm;=%;C:\Users\NNQ\AppData\Roaming\npm;C:\Users\NNQ\AppData\Local\Programs\Microsoft VS Code\bin
USERNAME=NNQ
OS=Windows_NT
PROCESSOR_IDENTIFIER=AMD64 Family 23 Model 24 Stepping 1, AuthenticAMD
TMP=C:\Users\NNQ\AppData\Local\Temp
TEMP=C:\Users\NNQ\AppData\Local\Temp




Periodic native trim disabled

---------------  S Y S T E M  ---------------

OS:
 Windows 10 , 64 bit Build 19041 (10.0.19041.5915)
OS uptime: 0 days 21:59 hours
Hyper-V role detected

CPU: total 4 (initial active 4) (4 cores per cpu, 2 threads per core) family 23 model 24 stepping 1 microcode 0x0, cx8, cmov, fxsr, ht, mmx, 3dnowpref, sse, sse2, sse3, ssse3, sse4a, sse4.1, sse4.2, popcnt, lzcnt, tsc, tscinvbit, avx, avx2, aes, clmul, bmi1, bmi2, adx, sha, fma, vzeroupper, clflush, clflushopt, hv, rdtscp, f16c
Processor Information for all 4 processors :
  Max Mhz: 2600, Current Mhz: 2600, Mhz Limit: 2600

Memory: 4k page, system-wide physical 6030M (909M free)
TotalPageFile size 15512M (AvailPageFile size 0M)
current process WorkingSet (physical memory assigned to process): 52M, peak: 248M
current process commit charge ("private bytes"): 255M, peak: 278M

vm_info: Java HotSpot(TM) 64-Bit Server VM (21.0.6+8-LTS-188) for windows-amd64 JRE (21.0.6+8-LTS-188), built on 2024-12-03T10:50:54Z by "mach5one" with MS VC++ 17.6 (VS2022)

END.
